[0.099s] Invoking command in '/opt/persistent_ws/build/turtlebot3_description': CMAKE_PREFIX_PATH=/opt/ros/foxy /usr/bin/cmake /opt/persistent_ws/src/turtlebot3/turtlebot3_description -DCMAKE_INSTALL_PREFIX=/opt/persistent_ws/install/turtlebot3_description
[0.841s] -- The C compiler identification is GNU 9.3.0
[0.841s] -- The CXX compiler identification is GNU 9.3.0
[0.841s] -- Check for working C compiler: /usr/bin/cc
[0.842s] -- Check for working C compiler: /usr/bin/cc -- works
[0.842s] -- Detecting C compiler ABI info
[1.082s] -- Detecting C compiler ABI info - done
[1.122s] -- Detecting C compile features
[1.123s] -- Detecting C compile features - done
[1.131s] -- Check for working CXX compiler: /usr/bin/c++
[1.368s] -- Check for working CXX compiler: /usr/bin/c++ -- works
[1.377s] -- Detecting CXX compiler ABI info
[1.648s] -- Detecting CXX compiler ABI info - done
[1.704s] -- Detecting CXX compile features
[1.708s] -- Detecting CXX compile features - done
[1.720s] -- Found ament_cmake: 0.9.8 (/opt/ros/foxy/share/ament_cmake/cmake)
[1.808s] -- Found PythonInterp: /usr/bin/python3 (found suitable version "3.8.10", minimum required is "3") 
[1.810s] -- Using PYTHON_EXECUTABLE: /usr/bin/python3
[2.450s] -- Found urdf: 2.4.0 (/opt/ros/foxy/share/urdf/cmake)
[2.767s] -- Configuring done
[2.782s] -- Generating done
[2.782s] -- Build files have been written to: /opt/persistent_ws/build/turtlebot3_description
[2.815s] Invoked command in '/opt/persistent_ws/build/turtlebot3_description' returned '0': CMAKE_PREFIX_PATH=/opt/ros/foxy /usr/bin/cmake /opt/persistent_ws/src/turtlebot3/turtlebot3_description -DCMAKE_INSTALL_PREFIX=/opt/persistent_ws/install/turtlebot3_description
[2.816s] Invoking command in '/opt/persistent_ws/build/turtlebot3_description': CMAKE_PREFIX_PATH=/opt/ros/foxy /usr/bin/cmake --build /opt/persistent_ws/build/turtlebot3_description -- -j8 -l8
[2.974s] Invoked command in '/opt/persistent_ws/build/turtlebot3_description' returned '0': CMAKE_PREFIX_PATH=/opt/ros/foxy /usr/bin/cmake --build /opt/persistent_ws/build/turtlebot3_description -- -j8 -l8
[3.211s] Invoking command in '/opt/persistent_ws/build/turtlebot3_description': CMAKE_PREFIX_PATH=/opt/ros/foxy /usr/bin/cmake --install /opt/persistent_ws/build/turtlebot3_description
[3.261s] -- Install configuration: ""
[3.261s] -- Installing: /opt/persistent_ws/install/turtlebot3_description/share/turtlebot3_description/meshes
[3.262s] -- Installing: /opt/persistent_ws/install/turtlebot3_description/share/turtlebot3_description/meshes/wheels
[3.262s] -- Installing: /opt/persistent_ws/install/turtlebot3_description/share/turtlebot3_description/meshes/wheels/right_tire.stl
[3.270s] -- Installing: /opt/persistent_ws/install/turtlebot3_description/share/turtlebot3_description/meshes/wheels/left_tire.stl
[3.277s] -- Installing: /opt/persistent_ws/install/turtlebot3_description/share/turtlebot3_description/meshes/sensors
[3.277s] -- Installing: /opt/persistent_ws/install/turtlebot3_description/share/turtlebot3_description/meshes/sensors/astra.jpg
[3.278s] -- Installing: /opt/persistent_ws/install/turtlebot3_description/share/turtlebot3_description/meshes/sensors/r200.jpg
[3.279s] -- Installing: /opt/persistent_ws/install/turtlebot3_description/share/turtlebot3_description/meshes/sensors/lds.stl
[3.283s] -- Installing: /opt/persistent_ws/install/turtlebot3_description/share/turtlebot3_description/meshes/sensors/r200.dae
[3.285s] -- Installing: /opt/persistent_ws/install/turtlebot3_description/share/turtlebot3_description/meshes/sensors/astra.dae
[3.385s] -- Installing: /opt/persistent_ws/install/turtlebot3_description/share/turtlebot3_description/meshes/bases
[3.391s] -- Installing: /opt/persistent_ws/install/turtlebot3_description/share/turtlebot3_description/meshes/bases/waffle_base.stl
[3.514s] -- Installing: /opt/persistent_ws/install/turtlebot3_description/share/turtlebot3_description/meshes/bases/waffle_pi_base.stl
[3.562s] -- Installing: /opt/persistent_ws/install/turtlebot3_description/share/turtlebot3_description/meshes/bases/burger_base.stl
[3.588s] -- Installing: /opt/persistent_ws/install/turtlebot3_description/share/turtlebot3_description/rviz
[3.588s] -- Installing: /opt/persistent_ws/install/turtlebot3_description/share/turtlebot3_description/rviz/model.rviz
[3.589s] -- Installing: /opt/persistent_ws/install/turtlebot3_description/share/turtlebot3_description/urdf
[3.589s] -- Installing: /opt/persistent_ws/install/turtlebot3_description/share/turtlebot3_description/urdf/turtlebot3_waffle_pi.urdf
[3.590s] -- Installing: /opt/persistent_ws/install/turtlebot3_description/share/turtlebot3_description/urdf/turtlebot3_burger.urdf
[3.591s] -- Installing: /opt/persistent_ws/install/turtlebot3_description/share/turtlebot3_description/urdf/turtlebot3_waffle.urdf
[3.591s] -- Installing: /opt/persistent_ws/install/turtlebot3_description/share/turtlebot3_description/urdf/common_properties.urdf
[3.592s] -- Installing: /opt/persistent_ws/install/turtlebot3_description/share/ament_index/resource_index/package_run_dependencies/turtlebot3_description
[3.595s] -- Installing: /opt/persistent_ws/install/turtlebot3_description/share/ament_index/resource_index/parent_prefix_path/turtlebot3_description
[3.596s] -- Installing: /opt/persistent_ws/install/turtlebot3_description/share/turtlebot3_description/environment/ament_prefix_path.sh
[3.598s] -- Installing: /opt/persistent_ws/install/turtlebot3_description/share/turtlebot3_description/environment/ament_prefix_path.dsv
[3.599s] -- Installing: /opt/persistent_ws/install/turtlebot3_description/share/turtlebot3_description/environment/path.sh
[3.599s] -- Installing: /opt/persistent_ws/install/turtlebot3_description/share/turtlebot3_description/environment/path.dsv
[3.600s] -- Installing: /opt/persistent_ws/install/turtlebot3_description/share/turtlebot3_description/local_setup.bash
[3.601s] -- Installing: /opt/persistent_ws/install/turtlebot3_description/share/turtlebot3_description/local_setup.sh
[3.603s] -- Installing: /opt/persistent_ws/install/turtlebot3_description/share/turtlebot3_description/local_setup.zsh
[3.605s] -- Installing: /opt/persistent_ws/install/turtlebot3_description/share/turtlebot3_description/local_setup.dsv
[3.605s] -- Installing: /opt/persistent_ws/install/turtlebot3_description/share/turtlebot3_description/package.dsv
[3.605s] -- Installing: /opt/persistent_ws/install/turtlebot3_description/share/ament_index/resource_index/packages/turtlebot3_description
[3.605s] -- Installing: /opt/persistent_ws/install/turtlebot3_description/share/turtlebot3_description/cmake/turtlebot3_descriptionConfig.cmake
[3.606s] -- Installing: /opt/persistent_ws/install/turtlebot3_description/share/turtlebot3_description/cmake/turtlebot3_descriptionConfig-version.cmake
[3.606s] -- Installing: /opt/persistent_ws/install/turtlebot3_description/share/turtlebot3_description/package.xml
[3.615s] Invoked command in '/opt/persistent_ws/build/turtlebot3_description' returned '0': CMAKE_PREFIX_PATH=/opt/ros/foxy /usr/bin/cmake --install /opt/persistent_ws/build/turtlebot3_description
