[0.102s] Invoking command in '/opt/persistent_ws/build/dynamixel_sdk': CMAKE_PREFIX_PATH=/opt/ros/foxy /usr/bin/cmake /opt/persistent_ws/src/DynamixelSDK/dynamixel_sdk -DCMAKE_INSTALL_PREFIX=/opt/persistent_ws/install/dynamixel_sdk
[0.837s] -- The C compiler identification is GNU 9.3.0
[0.838s] -- The CXX compiler identification is GNU 9.3.0
[0.838s] -- Check for working C compiler: /usr/bin/cc
[0.838s] -- Check for working C compiler: /usr/bin/cc -- works
[0.839s] -- Detecting C compiler ABI info
[1.059s] -- Detecting C compiler ABI info - done
[1.107s] -- Detecting C compile features
[1.108s] -- Detecting C compile features - done
[1.117s] -- Check for working CXX compiler: /usr/bin/c++
[1.356s] -- Check for working CXX compiler: /usr/bin/c++ -- works
[1.359s] -- Detecting CXX compiler ABI info
[1.637s] -- Detecting CXX compiler ABI info - done
[1.705s] -- Detecting CXX compile features
[1.707s] -- Detecting CXX compile features - done
[1.718s] -- Found ament_cmake: 0.9.8 (/opt/ros/foxy/share/ament_cmake/cmake)
[1.812s] -- Found PythonInterp: /usr/bin/python3 (found suitable version "3.8.10", minimum required is "3") 
[1.813s] -- Using PYTHON_EXECUTABLE: /usr/bin/python3
[2.689s] -- Configuring done
[2.693s] -- Generating done
[2.694s] -- Build files have been written to: /opt/persistent_ws/build/dynamixel_sdk
[2.735s] Invoked command in '/opt/persistent_ws/build/dynamixel_sdk' returned '0': CMAKE_PREFIX_PATH=/opt/ros/foxy /usr/bin/cmake /opt/persistent_ws/src/DynamixelSDK/dynamixel_sdk -DCMAKE_INSTALL_PREFIX=/opt/persistent_ws/install/dynamixel_sdk
[2.740s] Invoking command in '/opt/persistent_ws/build/dynamixel_sdk': CMAKE_PREFIX_PATH=/opt/ros/foxy /usr/bin/cmake --build /opt/persistent_ws/build/dynamixel_sdk -- -j8 -l8
[2.887s] [35m[1mScanning dependencies of target dynamixel_sdk[0m
[2.929s] [ 10%] [32mBuilding CXX object CMakeFiles/dynamixel_sdk.dir/src/dynamixel_sdk/packet_handler.cpp.o[0m
[2.967s] [ 20%] [32mBuilding CXX object CMakeFiles/dynamixel_sdk.dir/src/dynamixel_sdk/protocol2_packet_handler.cpp.o[0m
[2.972s] [ 30%] [32mBuilding CXX object CMakeFiles/dynamixel_sdk.dir/src/dynamixel_sdk/group_sync_read.cpp.o[0m
[2.973s] [ 40%] [32mBuilding CXX object CMakeFiles/dynamixel_sdk.dir/src/dynamixel_sdk/protocol1_packet_handler.cpp.o[0m
[2.987s] [ 50%] [32mBuilding CXX object CMakeFiles/dynamixel_sdk.dir/src/dynamixel_sdk/group_sync_write.cpp.o[0m
[3.017s] [ 60%] [32mBuilding CXX object CMakeFiles/dynamixel_sdk.dir/src/dynamixel_sdk/group_bulk_write.cpp.o[0m
[3.018s] [ 80%] [32mBuilding CXX object CMakeFiles/dynamixel_sdk.dir/src/dynamixel_sdk/port_handler.cpp.o[0m
[3.018s] [ 70%] [32mBuilding CXX object CMakeFiles/dynamixel_sdk.dir/src/dynamixel_sdk/group_bulk_read.cpp.o[0m
[3.175s] [ 90%] [32mBuilding CXX object CMakeFiles/dynamixel_sdk.dir/src/dynamixel_sdk/port_handler_linux.cpp.o[0m
[5.440s] [100%] [32m[1mLinking CXX shared library libdynamixel_sdk.so[0m
[5.735s] [100%] Built target dynamixel_sdk
[5.765s] Invoked command in '/opt/persistent_ws/build/dynamixel_sdk' returned '0': CMAKE_PREFIX_PATH=/opt/ros/foxy /usr/bin/cmake --build /opt/persistent_ws/build/dynamixel_sdk -- -j8 -l8
[5.888s] Invoking command in '/opt/persistent_ws/build/dynamixel_sdk': CMAKE_PREFIX_PATH=/opt/ros/foxy /usr/bin/cmake --install /opt/persistent_ws/build/dynamixel_sdk
[6.192s] -- Install configuration: ""
[6.193s] -- Installing: /opt/persistent_ws/install/dynamixel_sdk/include/
[6.198s] -- Installing: /opt/persistent_ws/install/dynamixel_sdk/include//dynamixel_sdk
[6.199s] -- Installing: /opt/persistent_ws/install/dynamixel_sdk/include//dynamixel_sdk/group_sync_read.h
[6.200s] -- Installing: /opt/persistent_ws/install/dynamixel_sdk/include//dynamixel_sdk/dynamixel_sdk.h
[6.200s] -- Installing: /opt/persistent_ws/install/dynamixel_sdk/include//dynamixel_sdk/port_handler_windows.h
[6.200s] -- Installing: /opt/persistent_ws/install/dynamixel_sdk/include//dynamixel_sdk/protocol2_packet_handler.h
[6.201s] -- Installing: /opt/persistent_ws/install/dynamixel_sdk/include//dynamixel_sdk/port_handler_arduino.h
[6.201s] -- Installing: /opt/persistent_ws/install/dynamixel_sdk/include//dynamixel_sdk/packet_handler.h
[6.201s] -- Installing: /opt/persistent_ws/install/dynamixel_sdk/include//dynamixel_sdk/group_sync_write.h
[6.201s] -- Installing: /opt/persistent_ws/install/dynamixel_sdk/include//dynamixel_sdk/port_handler.h
[6.202s] -- Installing: /opt/persistent_ws/install/dynamixel_sdk/include//dynamixel_sdk/group_bulk_read.h
[6.202s] -- Installing: /opt/persistent_ws/install/dynamixel_sdk/include//dynamixel_sdk/group_bulk_write.h
[6.202s] -- Installing: /opt/persistent_ws/install/dynamixel_sdk/include//dynamixel_sdk/protocol1_packet_handler.h
[6.203s] -- Installing: /opt/persistent_ws/install/dynamixel_sdk/include//dynamixel_sdk/port_handler_linux.h
[6.203s] -- Installing: /opt/persistent_ws/install/dynamixel_sdk/include//dynamixel_sdk/port_handler_mac.h
[6.203s] -- Installing: /opt/persistent_ws/install/dynamixel_sdk/lib/libdynamixel_sdk.so
[6.203s] -- Installing: /opt/persistent_ws/install/dynamixel_sdk/share/dynamixel_sdk/environment/library_path.sh
[6.206s] -- Installing: /opt/persistent_ws/install/dynamixel_sdk/share/dynamixel_sdk/environment/library_path.dsv
[6.206s] -- Installing: /opt/persistent_ws/install/dynamixel_sdk/share/ament_index/resource_index/package_run_dependencies/dynamixel_sdk
[6.207s] -- Installing: /opt/persistent_ws/install/dynamixel_sdk/share/ament_index/resource_index/parent_prefix_path/dynamixel_sdk
[6.208s] -- Installing: /opt/persistent_ws/install/dynamixel_sdk/share/dynamixel_sdk/environment/ament_prefix_path.sh
[6.209s] -- Installing: /opt/persistent_ws/install/dynamixel_sdk/share/dynamixel_sdk/environment/ament_prefix_path.dsv
[6.210s] -- Installing: /opt/persistent_ws/install/dynamixel_sdk/share/dynamixel_sdk/environment/path.sh
[6.210s] -- Installing: /opt/persistent_ws/install/dynamixel_sdk/share/dynamixel_sdk/environment/path.dsv
[6.210s] -- Installing: /opt/persistent_ws/install/dynamixel_sdk/share/dynamixel_sdk/local_setup.bash
[6.211s] -- Installing: /opt/persistent_ws/install/dynamixel_sdk/share/dynamixel_sdk/local_setup.sh
[6.211s] -- Installing: /opt/persistent_ws/install/dynamixel_sdk/share/dynamixel_sdk/local_setup.zsh
[6.212s] -- Installing: /opt/persistent_ws/install/dynamixel_sdk/share/dynamixel_sdk/local_setup.dsv
[6.212s] -- Installing: /opt/persistent_ws/install/dynamixel_sdk/share/dynamixel_sdk/package.dsv
[6.212s] -- Installing: /opt/persistent_ws/install/dynamixel_sdk/share/ament_index/resource_index/packages/dynamixel_sdk
[6.212s] -- Installing: /opt/persistent_ws/install/dynamixel_sdk/share/dynamixel_sdk/cmake/ament_cmake_export_include_directories-extras.cmake
[6.213s] -- Installing: /opt/persistent_ws/install/dynamixel_sdk/share/dynamixel_sdk/cmake/ament_cmake_export_libraries-extras.cmake
[6.213s] -- Installing: /opt/persistent_ws/install/dynamixel_sdk/share/dynamixel_sdk/cmake/dynamixel_sdkConfig.cmake
[6.213s] -- Installing: /opt/persistent_ws/install/dynamixel_sdk/share/dynamixel_sdk/cmake/dynamixel_sdkConfig-version.cmake
[6.214s] -- Installing: /opt/persistent_ws/install/dynamixel_sdk/share/dynamixel_sdk/package.xml
[6.230s] Invoked command in '/opt/persistent_ws/build/dynamixel_sdk' returned '0': CMAKE_PREFIX_PATH=/opt/ros/foxy /usr/bin/cmake --install /opt/persistent_ws/build/dynamixel_sdk
