[0.094s] Invoking command in '/opt/persistent_ws/build/turtlebot3_simulations': AMENT_PREFIX_PATH=/opt/persistent_ws/install/turtlebot3_gazebo:/opt/persistent_ws/install/turtlebot3_fake_node:/opt/persistent_ws/install/turtlebot3_msgs:/opt/persistent_ws/install/turtlebot3_description:${AMENT_PREFIX_PATH} CMAKE_PREFIX_PATH=/opt/persistent_ws/install/turtlebot3_gazebo:/opt/persistent_ws/install/turtlebot3_fake_node:/opt/persistent_ws/install/turtlebot3_msgs:/opt/persistent_ws/install/turtlebot3_description:/opt/ros/foxy LD_LIBRARY_PATH=/opt/persistent_ws/install/turtlebot3_msgs/lib:${LD_LIBRARY_PATH} PYTHONPATH=/opt/persistent_ws/install/turtlebot3_msgs/lib/python3.8/site-packages:${PYTHONPATH} /usr/bin/cmake /opt/persistent_ws/src/turtlebot3_simulations/turtlebot3_simulations -DCMAKE_INSTALL_PREFIX=/opt/persistent_ws/install/turtlebot3_simulations
[0.272s] -- The C compiler identification is GNU 9.3.0
[0.519s] -- The CXX compiler identification is GNU 9.3.0
[0.538s] -- Check for working C compiler: /usr/bin/cc
[0.789s] -- Check for working C compiler: /usr/bin/cc -- works
[0.793s] -- Detecting C compiler ABI info
[1.042s] -- Detecting C compiler ABI info - done
[1.092s] -- Detecting C compile features
[1.094s] -- Detecting C compile features - done
[1.104s] -- Check for working CXX compiler: /usr/bin/c++
[1.362s] -- Check for working CXX compiler: /usr/bin/c++ -- works
[1.366s] -- Detecting CXX compiler ABI info
[1.639s] -- Detecting CXX compiler ABI info - done
[1.688s] -- Detecting CXX compile features
[1.690s] -- Detecting CXX compile features - done
[1.705s] -- Found ament_cmake: 0.9.8 (/opt/ros/foxy/share/ament_cmake/cmake)
[1.804s] -- Found PythonInterp: /usr/bin/python3 (found suitable version "3.8.10", minimum required is "3") 
[1.805s] -- Using PYTHON_EXECUTABLE: /usr/bin/python3
[2.812s] -- Configuring done
[2.829s] -- Generating done
[2.833s] -- Build files have been written to: /opt/persistent_ws/build/turtlebot3_simulations
[2.853s] Invoked command in '/opt/persistent_ws/build/turtlebot3_simulations' returned '0': AMENT_PREFIX_PATH=/opt/persistent_ws/install/turtlebot3_gazebo:/opt/persistent_ws/install/turtlebot3_fake_node:/opt/persistent_ws/install/turtlebot3_msgs:/opt/persistent_ws/install/turtlebot3_description:${AMENT_PREFIX_PATH} CMAKE_PREFIX_PATH=/opt/persistent_ws/install/turtlebot3_gazebo:/opt/persistent_ws/install/turtlebot3_fake_node:/opt/persistent_ws/install/turtlebot3_msgs:/opt/persistent_ws/install/turtlebot3_description:/opt/ros/foxy LD_LIBRARY_PATH=/opt/persistent_ws/install/turtlebot3_msgs/lib:${LD_LIBRARY_PATH} PYTHONPATH=/opt/persistent_ws/install/turtlebot3_msgs/lib/python3.8/site-packages:${PYTHONPATH} /usr/bin/cmake /opt/persistent_ws/src/turtlebot3_simulations/turtlebot3_simulations -DCMAKE_INSTALL_PREFIX=/opt/persistent_ws/install/turtlebot3_simulations
[2.855s] Invoking command in '/opt/persistent_ws/build/turtlebot3_simulations': AMENT_PREFIX_PATH=/opt/persistent_ws/install/turtlebot3_gazebo:/opt/persistent_ws/install/turtlebot3_fake_node:/opt/persistent_ws/install/turtlebot3_msgs:/opt/persistent_ws/install/turtlebot3_description:${AMENT_PREFIX_PATH} CMAKE_PREFIX_PATH=/opt/persistent_ws/install/turtlebot3_gazebo:/opt/persistent_ws/install/turtlebot3_fake_node:/opt/persistent_ws/install/turtlebot3_msgs:/opt/persistent_ws/install/turtlebot3_description:/opt/ros/foxy LD_LIBRARY_PATH=/opt/persistent_ws/install/turtlebot3_msgs/lib:${LD_LIBRARY_PATH} PYTHONPATH=/opt/persistent_ws/install/turtlebot3_msgs/lib/python3.8/site-packages:${PYTHONPATH} /usr/bin/cmake --build /opt/persistent_ws/build/turtlebot3_simulations -- -j8 -l8
[2.993s] Invoked command in '/opt/persistent_ws/build/turtlebot3_simulations' returned '0': AMENT_PREFIX_PATH=/opt/persistent_ws/install/turtlebot3_gazebo:/opt/persistent_ws/install/turtlebot3_fake_node:/opt/persistent_ws/install/turtlebot3_msgs:/opt/persistent_ws/install/turtlebot3_description:${AMENT_PREFIX_PATH} CMAKE_PREFIX_PATH=/opt/persistent_ws/install/turtlebot3_gazebo:/opt/persistent_ws/install/turtlebot3_fake_node:/opt/persistent_ws/install/turtlebot3_msgs:/opt/persistent_ws/install/turtlebot3_description:/opt/ros/foxy LD_LIBRARY_PATH=/opt/persistent_ws/install/turtlebot3_msgs/lib:${LD_LIBRARY_PATH} PYTHONPATH=/opt/persistent_ws/install/turtlebot3_msgs/lib/python3.8/site-packages:${PYTHONPATH} /usr/bin/cmake --build /opt/persistent_ws/build/turtlebot3_simulations -- -j8 -l8
[3.077s] Invoking command in '/opt/persistent_ws/build/turtlebot3_simulations': AMENT_PREFIX_PATH=/opt/persistent_ws/install/turtlebot3_gazebo:/opt/persistent_ws/install/turtlebot3_fake_node:/opt/persistent_ws/install/turtlebot3_msgs:/opt/persistent_ws/install/turtlebot3_description:${AMENT_PREFIX_PATH} CMAKE_PREFIX_PATH=/opt/persistent_ws/install/turtlebot3_gazebo:/opt/persistent_ws/install/turtlebot3_fake_node:/opt/persistent_ws/install/turtlebot3_msgs:/opt/persistent_ws/install/turtlebot3_description:/opt/ros/foxy LD_LIBRARY_PATH=/opt/persistent_ws/install/turtlebot3_msgs/lib:${LD_LIBRARY_PATH} PYTHONPATH=/opt/persistent_ws/install/turtlebot3_msgs/lib/python3.8/site-packages:${PYTHONPATH} /usr/bin/cmake --install /opt/persistent_ws/build/turtlebot3_simulations
[3.121s] -- Install configuration: ""
[3.122s] -- Installing: /opt/persistent_ws/install/turtlebot3_simulations/share/ament_index/resource_index/package_run_dependencies/turtlebot3_simulations
[3.122s] -- Installing: /opt/persistent_ws/install/turtlebot3_simulations/share/ament_index/resource_index/parent_prefix_path/turtlebot3_simulations
[3.123s] -- Installing: /opt/persistent_ws/install/turtlebot3_simulations/share/turtlebot3_simulations/environment/ament_prefix_path.sh
[3.123s] -- Installing: /opt/persistent_ws/install/turtlebot3_simulations/share/turtlebot3_simulations/environment/ament_prefix_path.dsv
[3.123s] -- Installing: /opt/persistent_ws/install/turtlebot3_simulations/share/turtlebot3_simulations/environment/path.sh
[3.133s] -- Installing: /opt/persistent_ws/install/turtlebot3_simulations/share/turtlebot3_simulations/environment/path.dsv
[3.133s] -- Installing: /opt/persistent_ws/install/turtlebot3_simulations/share/turtlebot3_simulations/local_setup.bash
[3.134s] -- Installing: /opt/persistent_ws/install/turtlebot3_simulations/share/turtlebot3_simulations/local_setup.sh
[3.134s] -- Installing: /opt/persistent_ws/install/turtlebot3_simulations/share/turtlebot3_simulations/local_setup.zsh
[3.134s] -- Installing: /opt/persistent_ws/install/turtlebot3_simulations/share/turtlebot3_simulations/local_setup.dsv
[3.135s] -- Installing: /opt/persistent_ws/install/turtlebot3_simulations/share/turtlebot3_simulations/package.dsv
[3.135s] -- Installing: /opt/persistent_ws/install/turtlebot3_simulations/share/ament_index/resource_index/packages/turtlebot3_simulations
[3.135s] -- Installing: /opt/persistent_ws/install/turtlebot3_simulations/share/turtlebot3_simulations/cmake/turtlebot3_simulationsConfig.cmake
[3.135s] -- Installing: /opt/persistent_ws/install/turtlebot3_simulations/share/turtlebot3_simulations/cmake/turtlebot3_simulationsConfig-version.cmake
[3.136s] -- Installing: /opt/persistent_ws/install/turtlebot3_simulations/share/turtlebot3_simulations/package.xml
[3.136s] Invoked command in '/opt/persistent_ws/build/turtlebot3_simulations' returned '0': AMENT_PREFIX_PATH=/opt/persistent_ws/install/turtlebot3_gazebo:/opt/persistent_ws/install/turtlebot3_fake_node:/opt/persistent_ws/install/turtlebot3_msgs:/opt/persistent_ws/install/turtlebot3_description:${AMENT_PREFIX_PATH} CMAKE_PREFIX_PATH=/opt/persistent_ws/install/turtlebot3_gazebo:/opt/persistent_ws/install/turtlebot3_fake_node:/opt/persistent_ws/install/turtlebot3_msgs:/opt/persistent_ws/install/turtlebot3_description:/opt/ros/foxy LD_LIBRARY_PATH=/opt/persistent_ws/install/turtlebot3_msgs/lib:${LD_LIBRARY_PATH} PYTHONPATH=/opt/persistent_ws/install/turtlebot3_msgs/lib/python3.8/site-packages:${PYTHONPATH} /usr/bin/cmake --install /opt/persistent_ws/build/turtlebot3_simulations
