[0.032s] Invoking command in '/opt/persistent_ws/build/turtlebot3': AMENT_PREFIX_PATH=/opt/persistent_ws/install/turtlebot3_bringup:/opt/persistent_ws/install/turtlebot3_node:/opt/persistent_ws/install/turtlebot3_example:/opt/persistent_ws/install/turtlebot3_teleop:/opt/persistent_ws/install/turtlebot3_navigation2:/opt/persistent_ws/install/turtlebot3_msgs:/opt/persistent_ws/install/turtlebot3_description:/opt/persistent_ws/install/turtlebot3_cartographer:/opt/persistent_ws/install/hls_lfcd_lds_driver:/opt/persistent_ws/install/dynamixel_sdk:${AMENT_PREFIX_PATH} CMAKE_PREFIX_PATH=/opt/persistent_ws/install/turtlebot3_bringup:/opt/persistent_ws/install/turtlebot3_node:/opt/persistent_ws/install/turtlebot3_navigation2:/opt/persistent_ws/install/turtlebot3_msgs:/opt/persistent_ws/install/turtlebot3_description:/opt/persistent_ws/install/turtlebot3_cartographer:/opt/persistent_ws/install/hls_lfcd_lds_driver:/opt/persistent_ws/install/dynamixel_sdk:/opt/ros/foxy LD_LIBRARY_PATH=/opt/persistent_ws/install/turtlebot3_msgs/lib:/opt/persistent_ws/install/dynamixel_sdk/lib:${LD_LIBRARY_PATH} PYTHONPATH=/opt/persistent_ws/install/turtlebot3_example/lib/python3.8/site-packages:/opt/persistent_ws/install/turtlebot3_teleop/lib/python3.8/site-packages:/opt/persistent_ws/install/turtlebot3_msgs/lib/python3.8/site-packages:${PYTHONPATH} /usr/bin/cmake /opt/persistent_ws/src/turtlebot3/turtlebot3 -DCMAKE_INSTALL_PREFIX=/opt/persistent_ws/install/turtlebot3
[0.141s] -- The C compiler identification is GNU 9.3.0
[0.252s] -- The CXX compiler identification is GNU 9.3.0
[0.263s] -- Check for working C compiler: /usr/bin/cc
[0.398s] -- Check for working C compiler: /usr/bin/cc -- works
[0.400s] -- Detecting C compiler ABI info
[0.538s] -- Detecting C compiler ABI info - done
[0.563s] -- Detecting C compile features
[0.564s] -- Detecting C compile features - done
[0.569s] -- Check for working CXX compiler: /usr/bin/c++
[0.727s] -- Check for working CXX compiler: /usr/bin/c++ -- works
[0.730s] -- Detecting CXX compiler ABI info
[0.891s] -- Detecting CXX compiler ABI info - done
[0.917s] -- Detecting CXX compile features
[0.918s] -- Detecting CXX compile features - done
[0.928s] -- Found ament_cmake: 0.9.8 (/opt/ros/foxy/share/ament_cmake/cmake)
[0.991s] -- Found PythonInterp: /usr/bin/python3 (found suitable version "3.8.10", minimum required is "3") 
[0.991s] -- Using PYTHON_EXECUTABLE: /usr/bin/python3
[1.552s] -- Configuring done
[1.555s] -- Generating done
[1.557s] -- Build files have been written to: /opt/persistent_ws/build/turtlebot3
[1.563s] Invoked command in '/opt/persistent_ws/build/turtlebot3' returned '0': AMENT_PREFIX_PATH=/opt/persistent_ws/install/turtlebot3_bringup:/opt/persistent_ws/install/turtlebot3_node:/opt/persistent_ws/install/turtlebot3_example:/opt/persistent_ws/install/turtlebot3_teleop:/opt/persistent_ws/install/turtlebot3_navigation2:/opt/persistent_ws/install/turtlebot3_msgs:/opt/persistent_ws/install/turtlebot3_description:/opt/persistent_ws/install/turtlebot3_cartographer:/opt/persistent_ws/install/hls_lfcd_lds_driver:/opt/persistent_ws/install/dynamixel_sdk:${AMENT_PREFIX_PATH} CMAKE_PREFIX_PATH=/opt/persistent_ws/install/turtlebot3_bringup:/opt/persistent_ws/install/turtlebot3_node:/opt/persistent_ws/install/turtlebot3_navigation2:/opt/persistent_ws/install/turtlebot3_msgs:/opt/persistent_ws/install/turtlebot3_description:/opt/persistent_ws/install/turtlebot3_cartographer:/opt/persistent_ws/install/hls_lfcd_lds_driver:/opt/persistent_ws/install/dynamixel_sdk:/opt/ros/foxy LD_LIBRARY_PATH=/opt/persistent_ws/install/turtlebot3_msgs/lib:/opt/persistent_ws/install/dynamixel_sdk/lib:${LD_LIBRARY_PATH} PYTHONPATH=/opt/persistent_ws/install/turtlebot3_example/lib/python3.8/site-packages:/opt/persistent_ws/install/turtlebot3_teleop/lib/python3.8/site-packages:/opt/persistent_ws/install/turtlebot3_msgs/lib/python3.8/site-packages:${PYTHONPATH} /usr/bin/cmake /opt/persistent_ws/src/turtlebot3/turtlebot3 -DCMAKE_INSTALL_PREFIX=/opt/persistent_ws/install/turtlebot3
[1.568s] Invoking command in '/opt/persistent_ws/build/turtlebot3': AMENT_PREFIX_PATH=/opt/persistent_ws/install/turtlebot3_bringup:/opt/persistent_ws/install/turtlebot3_node:/opt/persistent_ws/install/turtlebot3_example:/opt/persistent_ws/install/turtlebot3_teleop:/opt/persistent_ws/install/turtlebot3_navigation2:/opt/persistent_ws/install/turtlebot3_msgs:/opt/persistent_ws/install/turtlebot3_description:/opt/persistent_ws/install/turtlebot3_cartographer:/opt/persistent_ws/install/hls_lfcd_lds_driver:/opt/persistent_ws/install/dynamixel_sdk:${AMENT_PREFIX_PATH} CMAKE_PREFIX_PATH=/opt/persistent_ws/install/turtlebot3_bringup:/opt/persistent_ws/install/turtlebot3_node:/opt/persistent_ws/install/turtlebot3_navigation2:/opt/persistent_ws/install/turtlebot3_msgs:/opt/persistent_ws/install/turtlebot3_description:/opt/persistent_ws/install/turtlebot3_cartographer:/opt/persistent_ws/install/hls_lfcd_lds_driver:/opt/persistent_ws/install/dynamixel_sdk:/opt/ros/foxy LD_LIBRARY_PATH=/opt/persistent_ws/install/turtlebot3_msgs/lib:/opt/persistent_ws/install/dynamixel_sdk/lib:${LD_LIBRARY_PATH} PYTHONPATH=/opt/persistent_ws/install/turtlebot3_example/lib/python3.8/site-packages:/opt/persistent_ws/install/turtlebot3_teleop/lib/python3.8/site-packages:/opt/persistent_ws/install/turtlebot3_msgs/lib/python3.8/site-packages:${PYTHONPATH} /usr/bin/cmake --build /opt/persistent_ws/build/turtlebot3 -- -j8 -l8
[1.647s] Invoked command in '/opt/persistent_ws/build/turtlebot3' returned '0': AMENT_PREFIX_PATH=/opt/persistent_ws/install/turtlebot3_bringup:/opt/persistent_ws/install/turtlebot3_node:/opt/persistent_ws/install/turtlebot3_example:/opt/persistent_ws/install/turtlebot3_teleop:/opt/persistent_ws/install/turtlebot3_navigation2:/opt/persistent_ws/install/turtlebot3_msgs:/opt/persistent_ws/install/turtlebot3_description:/opt/persistent_ws/install/turtlebot3_cartographer:/opt/persistent_ws/install/hls_lfcd_lds_driver:/opt/persistent_ws/install/dynamixel_sdk:${AMENT_PREFIX_PATH} CMAKE_PREFIX_PATH=/opt/persistent_ws/install/turtlebot3_bringup:/opt/persistent_ws/install/turtlebot3_node:/opt/persistent_ws/install/turtlebot3_navigation2:/opt/persistent_ws/install/turtlebot3_msgs:/opt/persistent_ws/install/turtlebot3_description:/opt/persistent_ws/install/turtlebot3_cartographer:/opt/persistent_ws/install/hls_lfcd_lds_driver:/opt/persistent_ws/install/dynamixel_sdk:/opt/ros/foxy LD_LIBRARY_PATH=/opt/persistent_ws/install/turtlebot3_msgs/lib:/opt/persistent_ws/install/dynamixel_sdk/lib:${LD_LIBRARY_PATH} PYTHONPATH=/opt/persistent_ws/install/turtlebot3_example/lib/python3.8/site-packages:/opt/persistent_ws/install/turtlebot3_teleop/lib/python3.8/site-packages:/opt/persistent_ws/install/turtlebot3_msgs/lib/python3.8/site-packages:${PYTHONPATH} /usr/bin/cmake --build /opt/persistent_ws/build/turtlebot3 -- -j8 -l8
[1.691s] Invoking command in '/opt/persistent_ws/build/turtlebot3': AMENT_PREFIX_PATH=/opt/persistent_ws/install/turtlebot3_bringup:/opt/persistent_ws/install/turtlebot3_node:/opt/persistent_ws/install/turtlebot3_example:/opt/persistent_ws/install/turtlebot3_teleop:/opt/persistent_ws/install/turtlebot3_navigation2:/opt/persistent_ws/install/turtlebot3_msgs:/opt/persistent_ws/install/turtlebot3_description:/opt/persistent_ws/install/turtlebot3_cartographer:/opt/persistent_ws/install/hls_lfcd_lds_driver:/opt/persistent_ws/install/dynamixel_sdk:${AMENT_PREFIX_PATH} CMAKE_PREFIX_PATH=/opt/persistent_ws/install/turtlebot3_bringup:/opt/persistent_ws/install/turtlebot3_node:/opt/persistent_ws/install/turtlebot3_navigation2:/opt/persistent_ws/install/turtlebot3_msgs:/opt/persistent_ws/install/turtlebot3_description:/opt/persistent_ws/install/turtlebot3_cartographer:/opt/persistent_ws/install/hls_lfcd_lds_driver:/opt/persistent_ws/install/dynamixel_sdk:/opt/ros/foxy LD_LIBRARY_PATH=/opt/persistent_ws/install/turtlebot3_msgs/lib:/opt/persistent_ws/install/dynamixel_sdk/lib:${LD_LIBRARY_PATH} PYTHONPATH=/opt/persistent_ws/install/turtlebot3_example/lib/python3.8/site-packages:/opt/persistent_ws/install/turtlebot3_teleop/lib/python3.8/site-packages:/opt/persistent_ws/install/turtlebot3_msgs/lib/python3.8/site-packages:${PYTHONPATH} /usr/bin/cmake --install /opt/persistent_ws/build/turtlebot3
[1.707s] -- Install configuration: ""
[1.707s] -- Installing: /opt/persistent_ws/install/turtlebot3/share/ament_index/resource_index/package_run_dependencies/turtlebot3
[1.707s] -- Installing: /opt/persistent_ws/install/turtlebot3/share/ament_index/resource_index/parent_prefix_path/turtlebot3
[1.708s] -- Installing: /opt/persistent_ws/install/turtlebot3/share/turtlebot3/environment/ament_prefix_path.sh
[1.708s] -- Installing: /opt/persistent_ws/install/turtlebot3/share/turtlebot3/environment/ament_prefix_path.dsv
[1.708s] -- Installing: /opt/persistent_ws/install/turtlebot3/share/turtlebot3/environment/path.sh
[1.709s] -- Installing: /opt/persistent_ws/install/turtlebot3/share/turtlebot3/environment/path.dsv
[1.709s] -- Installing: /opt/persistent_ws/install/turtlebot3/share/turtlebot3/local_setup.bash
[1.709s] -- Installing: /opt/persistent_ws/install/turtlebot3/share/turtlebot3/local_setup.sh
[1.710s] -- Installing: /opt/persistent_ws/install/turtlebot3/share/turtlebot3/local_setup.zsh
[1.710s] -- Installing: /opt/persistent_ws/install/turtlebot3/share/turtlebot3/local_setup.dsv
[1.710s] -- Installing: /opt/persistent_ws/install/turtlebot3/share/turtlebot3/package.dsv
[1.711s] -- Installing: /opt/persistent_ws/install/turtlebot3/share/ament_index/resource_index/packages/turtlebot3
[1.711s] -- Installing: /opt/persistent_ws/install/turtlebot3/share/turtlebot3/cmake/turtlebot3Config.cmake
[1.712s] -- Installing: /opt/persistent_ws/install/turtlebot3/share/turtlebot3/cmake/turtlebot3Config-version.cmake
[1.712s] -- Installing: /opt/persistent_ws/install/turtlebot3/share/turtlebot3/package.xml
[1.718s] Invoked command in '/opt/persistent_ws/build/turtlebot3' returned '0': AMENT_PREFIX_PATH=/opt/persistent_ws/install/turtlebot3_bringup:/opt/persistent_ws/install/turtlebot3_node:/opt/persistent_ws/install/turtlebot3_example:/opt/persistent_ws/install/turtlebot3_teleop:/opt/persistent_ws/install/turtlebot3_navigation2:/opt/persistent_ws/install/turtlebot3_msgs:/opt/persistent_ws/install/turtlebot3_description:/opt/persistent_ws/install/turtlebot3_cartographer:/opt/persistent_ws/install/hls_lfcd_lds_driver:/opt/persistent_ws/install/dynamixel_sdk:${AMENT_PREFIX_PATH} CMAKE_PREFIX_PATH=/opt/persistent_ws/install/turtlebot3_bringup:/opt/persistent_ws/install/turtlebot3_node:/opt/persistent_ws/install/turtlebot3_navigation2:/opt/persistent_ws/install/turtlebot3_msgs:/opt/persistent_ws/install/turtlebot3_description:/opt/persistent_ws/install/turtlebot3_cartographer:/opt/persistent_ws/install/hls_lfcd_lds_driver:/opt/persistent_ws/install/dynamixel_sdk:/opt/ros/foxy LD_LIBRARY_PATH=/opt/persistent_ws/install/turtlebot3_msgs/lib:/opt/persistent_ws/install/dynamixel_sdk/lib:${LD_LIBRARY_PATH} PYTHONPATH=/opt/persistent_ws/install/turtlebot3_example/lib/python3.8/site-packages:/opt/persistent_ws/install/turtlebot3_teleop/lib/python3.8/site-packages:/opt/persistent_ws/install/turtlebot3_msgs/lib/python3.8/site-packages:${PYTHONPATH} /usr/bin/cmake --install /opt/persistent_ws/build/turtlebot3
