[0.093s] Invoking command in '/opt/persistent_ws/build/hls_lfcd_lds_driver': CMAKE_PREFIX_PATH=/opt/ros/foxy /usr/bin/cmake /opt/persistent_ws/src/hls_lfcd_lds_driver -DCMAKE_INSTALL_PREFIX=/opt/persistent_ws/install/hls_lfcd_lds_driver
[0.831s] -- The C compiler identification is GNU 9.3.0
[0.831s] -- The CXX compiler identification is GNU 9.3.0
[0.832s] -- Check for working C compiler: /usr/bin/cc
[0.832s] -- Check for working C compiler: /usr/bin/cc -- works
[0.833s] -- Detecting C compiler ABI info
[1.022s] -- Detecting C compiler ABI info - done
[1.074s] -- Detecting C compile features
[1.076s] -- Detecting C compile features - done
[1.089s] -- Check for working CXX compiler: /usr/bin/c++
[1.349s] -- Check for working CXX compiler: /usr/bin/c++ -- works
[1.353s] -- Detecting CXX compiler ABI info
[1.624s] -- Detecting CXX compiler ABI info - done
[1.678s] -- Detecting CXX compile features
[1.680s] -- Detecting CXX compile features - done
[1.692s] -- Found ament_cmake: 0.9.8 (/opt/ros/foxy/share/ament_cmake/cmake)
[1.788s] -- Found PythonInterp: /usr/bin/python3 (found suitable version "3.8.10", minimum required is "3") 
[1.789s] -- Using PYTHON_EXECUTABLE: /usr/bin/python3
[2.428s] -- Found rclcpp: 2.3.1 (/opt/ros/foxy/share/rclcpp/cmake)
[2.671s] -- Using all available rosidl_typesupport_c: rosidl_typesupport_fastrtps_c;rosidl_typesupport_introspection_c
[2.680s] -- Found rosidl_adapter: 1.2.1 (/opt/ros/foxy/share/rosidl_adapter/cmake)
[3.022s] -- Found OpenSSL: /usr/lib/x86_64-linux-gnu/libcrypto.so (found version "1.1.1f")  
[3.220s] -- Found FastRTPS: /opt/ros/foxy/include  
[3.692s] -- Using all available rosidl_typesupport_cpp: rosidl_typesupport_fastrtps_cpp;rosidl_typesupport_introspection_cpp
[4.050s] -- Found rmw_implementation_cmake: 1.0.3 (/opt/ros/foxy/share/rmw_implementation_cmake/cmake)
[4.057s] -- Using RMW implementation 'rmw_fastrtps_cpp' as default
[4.083s] -- Looking for pthread.h
[4.524s] -- Looking for pthread.h - found
[4.525s] -- Performing Test CMAKE_HAVE_LIBC_PTHREAD
[4.837s] -- Performing Test CMAKE_HAVE_LIBC_PTHREAD - Failed
[4.837s] -- Looking for pthread_create in pthreads
[5.040s] -- Looking for pthread_create in pthreads - not found
[5.041s] -- Looking for pthread_create in pthread
[5.278s] -- Looking for pthread_create in pthread - found
[5.282s] -- Found Threads: TRUE  
[5.890s] -- Found sensor_msgs: 2.0.4 (/opt/ros/foxy/share/sensor_msgs/cmake)
[6.420s] -- Found Boost: /usr/lib/x86_64-linux-gnu/cmake/Boost-1.71.0/BoostConfig.cmake (found version "1.71.0") found components: system 
[6.610s] -- Configuring done
[6.648s] -- Generating done
[6.648s] -- Build files have been written to: /opt/persistent_ws/build/hls_lfcd_lds_driver
[6.661s] Invoked command in '/opt/persistent_ws/build/hls_lfcd_lds_driver' returned '0': CMAKE_PREFIX_PATH=/opt/ros/foxy /usr/bin/cmake /opt/persistent_ws/src/hls_lfcd_lds_driver -DCMAKE_INSTALL_PREFIX=/opt/persistent_ws/install/hls_lfcd_lds_driver
[6.670s] Invoking command in '/opt/persistent_ws/build/hls_lfcd_lds_driver': CMAKE_PREFIX_PATH=/opt/ros/foxy /usr/bin/cmake --build /opt/persistent_ws/build/hls_lfcd_lds_driver -- -j8 -l8
[6.782s] [35m[1mScanning dependencies of target hlds_laser_publisher[0m
[6.910s] [ 50%] [32mBuilding CXX object CMakeFiles/hlds_laser_publisher.dir/src/hlds_laser_publisher.cpp.o[0m
[29.665s] [100%] [32m[1mLinking CXX executable hlds_laser_publisher[0m
[30.327s] [100%] Built target hlds_laser_publisher
[30.371s] Invoked command in '/opt/persistent_ws/build/hls_lfcd_lds_driver' returned '0': CMAKE_PREFIX_PATH=/opt/ros/foxy /usr/bin/cmake --build /opt/persistent_ws/build/hls_lfcd_lds_driver -- -j8 -l8
[30.504s] Invoking command in '/opt/persistent_ws/build/hls_lfcd_lds_driver': CMAKE_PREFIX_PATH=/opt/ros/foxy /usr/bin/cmake --install /opt/persistent_ws/build/hls_lfcd_lds_driver
[30.540s] -- Install configuration: ""
[30.540s] -- Installing: /opt/persistent_ws/install/hls_lfcd_lds_driver/share/hls_lfcd_lds_driver/launch
[30.541s] -- Installing: /opt/persistent_ws/install/hls_lfcd_lds_driver/share/hls_lfcd_lds_driver/launch/hlds_laser.launch.py
[30.541s] -- Installing: /opt/persistent_ws/install/hls_lfcd_lds_driver/share/hls_lfcd_lds_driver/launch/view_hlds_laser.launch.py
[30.544s] -- Installing: /opt/persistent_ws/install/hls_lfcd_lds_driver/share/hls_lfcd_lds_driver/rviz
[30.544s] -- Installing: /opt/persistent_ws/install/hls_lfcd_lds_driver/share/hls_lfcd_lds_driver/rviz/hlds_laser.rviz
[30.545s] -- Installing: /opt/persistent_ws/install/hls_lfcd_lds_driver/lib/hls_lfcd_lds_driver/hlds_laser_publisher
[30.550s] -- Set runtime path of "/opt/persistent_ws/install/hls_lfcd_lds_driver/lib/hls_lfcd_lds_driver/hlds_laser_publisher" to ""
[30.550s] -- Installing: /opt/persistent_ws/install/hls_lfcd_lds_driver/share/ament_index/resource_index/package_run_dependencies/hls_lfcd_lds_driver
[30.551s] -- Installing: /opt/persistent_ws/install/hls_lfcd_lds_driver/share/ament_index/resource_index/parent_prefix_path/hls_lfcd_lds_driver
[30.552s] -- Installing: /opt/persistent_ws/install/hls_lfcd_lds_driver/share/hls_lfcd_lds_driver/environment/ament_prefix_path.sh
[30.552s] -- Installing: /opt/persistent_ws/install/hls_lfcd_lds_driver/share/hls_lfcd_lds_driver/environment/ament_prefix_path.dsv
[30.553s] -- Installing: /opt/persistent_ws/install/hls_lfcd_lds_driver/share/hls_lfcd_lds_driver/environment/path.sh
[30.554s] -- Installing: /opt/persistent_ws/install/hls_lfcd_lds_driver/share/hls_lfcd_lds_driver/environment/path.dsv
[30.554s] -- Installing: /opt/persistent_ws/install/hls_lfcd_lds_driver/share/hls_lfcd_lds_driver/local_setup.bash
[30.555s] -- Installing: /opt/persistent_ws/install/hls_lfcd_lds_driver/share/hls_lfcd_lds_driver/local_setup.sh
[30.555s] -- Installing: /opt/persistent_ws/install/hls_lfcd_lds_driver/share/hls_lfcd_lds_driver/local_setup.zsh
[30.556s] -- Installing: /opt/persistent_ws/install/hls_lfcd_lds_driver/share/hls_lfcd_lds_driver/local_setup.dsv
[30.557s] -- Installing: /opt/persistent_ws/install/hls_lfcd_lds_driver/share/hls_lfcd_lds_driver/package.dsv
[30.558s] -- Installing: /opt/persistent_ws/install/hls_lfcd_lds_driver/share/ament_index/resource_index/packages/hls_lfcd_lds_driver
[30.558s] -- Installing: /opt/persistent_ws/install/hls_lfcd_lds_driver/share/hls_lfcd_lds_driver/cmake/ament_cmake_export_dependencies-extras.cmake
[30.559s] -- Installing: /opt/persistent_ws/install/hls_lfcd_lds_driver/share/hls_lfcd_lds_driver/cmake/ament_cmake_export_include_directories-extras.cmake
[30.559s] -- Installing: /opt/persistent_ws/install/hls_lfcd_lds_driver/share/hls_lfcd_lds_driver/cmake/hls_lfcd_lds_driverConfig.cmake
[30.561s] -- Installing: /opt/persistent_ws/install/hls_lfcd_lds_driver/share/hls_lfcd_lds_driver/cmake/hls_lfcd_lds_driverConfig-version.cmake
[30.561s] -- Installing: /opt/persistent_ws/install/hls_lfcd_lds_driver/share/hls_lfcd_lds_driver/package.xml
[30.570s] Invoked command in '/opt/persistent_ws/build/hls_lfcd_lds_driver' returned '0': CMAKE_PREFIX_PATH=/opt/ros/foxy /usr/bin/cmake --install /opt/persistent_ws/build/hls_lfcd_lds_driver
