[0.090s] Invoking command in '/opt/persistent_ws/build/turtlebot3_cartographer': CMAKE_PREFIX_PATH=/opt/ros/foxy /usr/bin/cmake /opt/persistent_ws/src/turtlebot3/turtlebot3_cartographer -DCMAKE_INSTALL_PREFIX=/opt/persistent_ws/install/turtlebot3_cartographer
[0.820s] -- The C compiler identification is GNU 9.3.0
[0.821s] -- The CXX compiler identification is GNU 9.3.0
[0.821s] -- Check for working C compiler: /usr/bin/cc
[0.821s] -- Check for working C compiler: /usr/bin/cc -- works
[0.822s] -- Detecting C compiler ABI info
[1.025s] -- Detecting C compiler ABI info - done
[1.079s] -- Detecting C compile features
[1.080s] -- Detecting C compile features - done
[1.090s] -- Check for working CXX compiler: /usr/bin/c++
[1.337s] -- Check for working CXX compiler: /usr/bin/c++ -- works
[1.341s] -- Detecting CXX compiler ABI info
[1.587s] -- Detecting CXX compiler ABI info - done
[1.645s] -- Detecting CXX compile features
[1.649s] -- Detecting CXX compile features - done
[1.667s] -- Found ament_cmake: 0.9.8 (/opt/ros/foxy/share/ament_cmake/cmake)
[1.754s] -- Found PythonInterp: /usr/bin/python3 (found suitable version "3.8.10", minimum required is "3") 
[1.755s] -- Using PYTHON_EXECUTABLE: /usr/bin/python3
[2.576s] -- Configuring done
[2.584s] -- Generating done
[2.588s] -- Build files have been written to: /opt/persistent_ws/build/turtlebot3_cartographer
[2.613s] Invoked command in '/opt/persistent_ws/build/turtlebot3_cartographer' returned '0': CMAKE_PREFIX_PATH=/opt/ros/foxy /usr/bin/cmake /opt/persistent_ws/src/turtlebot3/turtlebot3_cartographer -DCMAKE_INSTALL_PREFIX=/opt/persistent_ws/install/turtlebot3_cartographer
[2.648s] Invoking command in '/opt/persistent_ws/build/turtlebot3_cartographer': CMAKE_PREFIX_PATH=/opt/ros/foxy /usr/bin/cmake --build /opt/persistent_ws/build/turtlebot3_cartographer -- -j8 -l8
[2.757s] Invoked command in '/opt/persistent_ws/build/turtlebot3_cartographer' returned '0': CMAKE_PREFIX_PATH=/opt/ros/foxy /usr/bin/cmake --build /opt/persistent_ws/build/turtlebot3_cartographer -- -j8 -l8
[2.862s] Invoking command in '/opt/persistent_ws/build/turtlebot3_cartographer': CMAKE_PREFIX_PATH=/opt/ros/foxy /usr/bin/cmake --install /opt/persistent_ws/build/turtlebot3_cartographer
[2.962s] -- Install configuration: ""
[2.962s] -- Installing: /opt/persistent_ws/install/turtlebot3_cartographer/share/turtlebot3_cartographer/config
[2.963s] -- Installing: /opt/persistent_ws/install/turtlebot3_cartographer/share/turtlebot3_cartographer/config/turtlebot3_lds_2d.lua
[2.963s] -- Installing: /opt/persistent_ws/install/turtlebot3_cartographer/share/turtlebot3_cartographer/launch
[2.963s] -- Installing: /opt/persistent_ws/install/turtlebot3_cartographer/share/turtlebot3_cartographer/launch/occupancy_grid.launch.py
[2.964s] -- Installing: /opt/persistent_ws/install/turtlebot3_cartographer/share/turtlebot3_cartographer/launch/cartographer.launch.py
[2.964s] -- Installing: /opt/persistent_ws/install/turtlebot3_cartographer/share/turtlebot3_cartographer/rviz
[2.964s] -- Installing: /opt/persistent_ws/install/turtlebot3_cartographer/share/turtlebot3_cartographer/rviz/tb3_cartographer.rviz
[2.964s] -- Installing: /opt/persistent_ws/install/turtlebot3_cartographer/share/ament_index/resource_index/package_run_dependencies/turtlebot3_cartographer
[2.965s] -- Installing: /opt/persistent_ws/install/turtlebot3_cartographer/share/ament_index/resource_index/parent_prefix_path/turtlebot3_cartographer
[2.965s] -- Installing: /opt/persistent_ws/install/turtlebot3_cartographer/share/turtlebot3_cartographer/environment/ament_prefix_path.sh
[2.965s] -- Installing: /opt/persistent_ws/install/turtlebot3_cartographer/share/turtlebot3_cartographer/environment/ament_prefix_path.dsv
[2.965s] -- Installing: /opt/persistent_ws/install/turtlebot3_cartographer/share/turtlebot3_cartographer/environment/path.sh
[2.966s] -- Installing: /opt/persistent_ws/install/turtlebot3_cartographer/share/turtlebot3_cartographer/environment/path.dsv
[2.966s] -- Installing: /opt/persistent_ws/install/turtlebot3_cartographer/share/turtlebot3_cartographer/local_setup.bash
[2.966s] -- Installing: /opt/persistent_ws/install/turtlebot3_cartographer/share/turtlebot3_cartographer/local_setup.sh
[2.967s] -- Installing: /opt/persistent_ws/install/turtlebot3_cartographer/share/turtlebot3_cartographer/local_setup.zsh
[2.967s] -- Installing: /opt/persistent_ws/install/turtlebot3_cartographer/share/turtlebot3_cartographer/local_setup.dsv
[2.967s] -- Installing: /opt/persistent_ws/install/turtlebot3_cartographer/share/turtlebot3_cartographer/package.dsv
[2.977s] -- Installing: /opt/persistent_ws/install/turtlebot3_cartographer/share/ament_index/resource_index/packages/turtlebot3_cartographer
[2.977s] -- Installing: /opt/persistent_ws/install/turtlebot3_cartographer/share/turtlebot3_cartographer/cmake/turtlebot3_cartographerConfig.cmake
[2.978s] -- Installing: /opt/persistent_ws/install/turtlebot3_cartographer/share/turtlebot3_cartographer/cmake/turtlebot3_cartographerConfig-version.cmake
[2.978s] -- Installing: /opt/persistent_ws/install/turtlebot3_cartographer/share/turtlebot3_cartographer/package.xml
[3.021s] Invoked command in '/opt/persistent_ws/build/turtlebot3_cartographer' returned '0': CMAKE_PREFIX_PATH=/opt/ros/foxy /usr/bin/cmake --install /opt/persistent_ws/build/turtlebot3_cartographer
