[0.114s] Invoking command in '/opt/persistent_ws/build/turtlebot3_msgs': CMAKE_PREFIX_PATH=/opt/ros/foxy /usr/bin/cmake /opt/persistent_ws/src/turtlebot3_msgs -DCMAKE_INSTALL_PREFIX=/opt/persistent_ws/install/turtlebot3_msgs
[0.856s] -- The C compiler identification is GNU 9.3.0
[0.857s] -- The CXX compiler identification is GNU 9.3.0
[0.863s] -- Check for working C compiler: /usr/bin/cc
[0.870s] -- Check for working C compiler: /usr/bin/cc -- works
[0.872s] -- Detecting C compiler ABI info
[1.108s] -- Detecting C compiler ABI info - done
[1.148s] -- Detecting C compile features
[1.150s] -- Detecting C compile features - done
[1.158s] -- Check for working CXX compiler: /usr/bin/c++
[1.446s] -- Check for working CXX compiler: /usr/bin/c++ -- works
[1.453s] -- Detecting CXX compiler ABI info
[1.704s] -- Detecting CXX compiler ABI info - done
[1.752s] -- Detecting CXX compile features
[1.754s] -- Detecting CXX compile features - done
[1.768s] -- Found action_msgs: 1.0.0 (/opt/ros/foxy/share/action_msgs/cmake)
[1.868s] -- Found PythonInterp: /usr/bin/python3 (found suitable version "3.8.10", minimum required is "3") 
[1.869s] -- Using PYTHON_EXECUTABLE: /usr/bin/python3
[2.641s] -- Using all available rosidl_typesupport_c: rosidl_typesupport_fastrtps_c;rosidl_typesupport_introspection_c
[2.724s] -- Found rosidl_adapter: 1.2.1 (/opt/ros/foxy/share/rosidl_adapter/cmake)
[3.064s] -- Found OpenSSL: /usr/lib/x86_64-linux-gnu/libcrypto.so (found version "1.1.1f")  
[3.312s] -- Found FastRTPS: /opt/ros/foxy/include  
[3.924s] -- Using all available rosidl_typesupport_cpp: rosidl_typesupport_fastrtps_cpp;rosidl_typesupport_introspection_cpp
[4.374s] -- Found rosidl_default_generators: 1.0.1 (/opt/ros/foxy/share/rosidl_default_generators/cmake)
[4.435s] -- Found std_msgs: 2.0.4 (/opt/ros/foxy/share/std_msgs/cmake)
[4.624s] -- Found PythonInterp: /usr/bin/python3 (found version "3.8.10") 
[5.390s] -- Found ament_cmake_cppcheck: 0.9.6 (/opt/ros/foxy/share/ament_cmake_cppcheck/cmake)
[5.404s] -- Found ament_cmake_cpplint: 0.9.6 (/opt/ros/foxy/share/ament_cmake_cpplint/cmake)
[5.420s] -- Found ament_cmake_uncrustify: 0.9.6 (/opt/ros/foxy/share/ament_cmake_uncrustify/cmake)
[5.434s] -- Found ament_cmake_ros: 0.9.2 (/opt/ros/foxy/share/ament_cmake_ros/cmake)
[6.262s] -- Using all available rosidl_typesupport_c: rosidl_typesupport_fastrtps_c;rosidl_typesupport_introspection_c
[6.551s] -- Using all available rosidl_typesupport_cpp: rosidl_typesupport_fastrtps_cpp;rosidl_typesupport_introspection_cpp
[6.646s] -- Found PythonInterp: /usr/bin/python3 (found suitable version "3.8.10", minimum required is "3.5") 
[6.655s] -- Found python_cmake_module: 0.8.1 (/opt/ros/foxy/share/python_cmake_module/cmake)
[6.747s] -- Found PythonLibs: /usr/lib/x86_64-linux-gnu/libpython3.8.so (found suitable version "3.8.10", minimum required is "3.5") 
[6.748s] -- Using PYTHON_EXECUTABLE: /usr/bin/python3
[6.749s] -- Using PYTHON_INCLUDE_DIRS: /usr/include/python3.8
[6.749s] -- Using PYTHON_LIBRARIES: /usr/lib/x86_64-linux-gnu/libpython3.8.so
[6.812s] -- Found PythonExtra: .so  
[7.075s] -- Found ament_cmake_flake8: 0.9.6 (/opt/ros/foxy/share/ament_cmake_flake8/cmake)
[7.088s] -- Found ament_cmake_pep257: 0.9.6 (/opt/ros/foxy/share/ament_cmake_pep257/cmake)
[7.126s] -- Configuring done
[7.371s] -- Generating done
[7.381s] -- Build files have been written to: /opt/persistent_ws/build/turtlebot3_msgs
[7.410s] Invoked command in '/opt/persistent_ws/build/turtlebot3_msgs' returned '0': CMAKE_PREFIX_PATH=/opt/ros/foxy /usr/bin/cmake /opt/persistent_ws/src/turtlebot3_msgs -DCMAKE_INSTALL_PREFIX=/opt/persistent_ws/install/turtlebot3_msgs
[7.412s] Invoking command in '/opt/persistent_ws/build/turtlebot3_msgs': CMAKE_PREFIX_PATH=/opt/ros/foxy /usr/bin/cmake --build /opt/persistent_ws/build/turtlebot3_msgs -- -j8 -l8
[7.548s] [  1%] [34m[1mGenerating C code for ROS interfaces[0m
[7.595s] [35m[1mScanning dependencies of target turtlebot3_msgs__cpp[0m
[7.646s] [  2%] [34m[1mGenerating C++ code for ROS interfaces[0m
[11.551s] [  2%] Built target turtlebot3_msgs__cpp
[11.602s] [  4%] [34m[1mGenerating C++ type support for eProsima Fast-RTPS[0m
[11.615s] [  5%] [34m[1mGenerating C++ type support dispatch for ROS interfaces[0m
[11.630s] [  7%] [34m[1mGenerating C++ introspection for ROS interfaces[0m
[12.642s] [35m[1mScanning dependencies of target turtlebot3_msgs__rosidl_generator_c[0m
[12.706s] [  8%] [32mBuilding C object CMakeFiles/turtlebot3_msgs__rosidl_generator_c.dir/rosidl_generator_c/turtlebot3_msgs/msg/detail/sensor_state__functions.c.o[0m
[12.730s] [  9%] [32mBuilding C object CMakeFiles/turtlebot3_msgs__rosidl_generator_c.dir/rosidl_generator_c/turtlebot3_msgs/msg/detail/version_info__functions.c.o[0m
[12.743s] [ 11%] [32mBuilding C object CMakeFiles/turtlebot3_msgs__rosidl_generator_c.dir/rosidl_generator_c/turtlebot3_msgs/srv/detail/sound__functions.c.o[0m
[12.768s] [ 12%] [32mBuilding C object CMakeFiles/turtlebot3_msgs__rosidl_generator_c.dir/rosidl_generator_c/turtlebot3_msgs/msg/detail/sound__functions.c.o[0m
[12.816s] [ 14%] [32mBuilding C object CMakeFiles/turtlebot3_msgs__rosidl_generator_c.dir/rosidl_generator_c/turtlebot3_msgs/srv/detail/dqn__functions.c.o[0m
[12.953s] [ 15%] [32mBuilding C object CMakeFiles/turtlebot3_msgs__rosidl_generator_c.dir/rosidl_generator_c/turtlebot3_msgs/action/detail/patrol__functions.c.o[0m
[13.438s] [ 16%] [32m[1mLinking C shared library libturtlebot3_msgs__rosidl_generator_c.so[0m
[13.657s] [ 16%] Built target turtlebot3_msgs__rosidl_generator_c
[13.755s] [ 18%] [34m[1mGenerating C introspection for ROS interfaces[0m
[13.791s] [ 19%] [34m[1mGenerating C type support dispatch for ROS interfaces[0m
[14.849s] [35m[1mScanning dependencies of target turtlebot3_msgs__rosidl_typesupport_introspection_cpp[0m
[14.999s] [ 21%] [32mBuilding CXX object CMakeFiles/turtlebot3_msgs__rosidl_typesupport_introspection_cpp.dir/rosidl_typesupport_introspection_cpp/turtlebot3_msgs/msg/detail/sensor_state__type_support.cpp.o[0m
[15.040s] [ 22%] [32mBuilding CXX object CMakeFiles/turtlebot3_msgs__rosidl_typesupport_introspection_cpp.dir/rosidl_typesupport_introspection_cpp/turtlebot3_msgs/msg/detail/sound__type_support.cpp.o[0m
[15.051s] [ 23%] [32mBuilding CXX object CMakeFiles/turtlebot3_msgs__rosidl_typesupport_introspection_cpp.dir/rosidl_typesupport_introspection_cpp/turtlebot3_msgs/msg/detail/version_info__type_support.cpp.o[0m
[15.078s] [ 25%] [32mBuilding CXX object CMakeFiles/turtlebot3_msgs__rosidl_typesupport_introspection_cpp.dir/rosidl_typesupport_introspection_cpp/turtlebot3_msgs/srv/detail/sound__type_support.cpp.o[0m
[15.096s] [35m[1mScanning dependencies of target turtlebot3_msgs__rosidl_typesupport_cpp[0m
[15.253s] [ 26%] [32mBuilding CXX object CMakeFiles/turtlebot3_msgs__rosidl_typesupport_cpp.dir/rosidl_typesupport_cpp/turtlebot3_msgs/msg/sensor_state__type_support.cpp.o[0m
[16.455s] [ 28%] [32mBuilding CXX object CMakeFiles/turtlebot3_msgs__rosidl_typesupport_cpp.dir/rosidl_typesupport_cpp/turtlebot3_msgs/msg/sound__type_support.cpp.o[0m
[17.156s] [ 29%] [32mBuilding CXX object CMakeFiles/turtlebot3_msgs__rosidl_typesupport_introspection_cpp.dir/rosidl_typesupport_introspection_cpp/turtlebot3_msgs/srv/detail/dqn__type_support.cpp.o[0m
[17.157s] [35m[1mScanning dependencies of target turtlebot3_msgs__rosidl_typesupport_fastrtps_cpp[0m
[17.188s] [ 30%] [32mBuilding CXX object CMakeFiles/turtlebot3_msgs__rosidl_typesupport_introspection_cpp.dir/rosidl_typesupport_introspection_cpp/turtlebot3_msgs/action/detail/patrol__type_support.cpp.o[0m
[17.346s] [ 32%] [32mBuilding CXX object CMakeFiles/turtlebot3_msgs__rosidl_typesupport_fastrtps_cpp.dir/rosidl_typesupport_fastrtps_cpp/turtlebot3_msgs/msg/detail/dds_fastrtps/sensor_state__type_support.cpp.o[0m
[17.656s] [ 33%] [32mBuilding CXX object CMakeFiles/turtlebot3_msgs__rosidl_typesupport_cpp.dir/rosidl_typesupport_cpp/turtlebot3_msgs/msg/version_info__type_support.cpp.o[0m
[17.899s] [35m[1mScanning dependencies of target turtlebot3_msgs__rosidl_typesupport_introspection_c[0m
[17.910s] [ 35%] [32mBuilding CXX object CMakeFiles/turtlebot3_msgs__rosidl_typesupport_cpp.dir/rosidl_typesupport_cpp/turtlebot3_msgs/srv/sound__type_support.cpp.o[0m
[17.956s] [ 36%] [32mBuilding CXX object CMakeFiles/turtlebot3_msgs__rosidl_typesupport_cpp.dir/rosidl_typesupport_cpp/turtlebot3_msgs/srv/dqn__type_support.cpp.o[0m
[18.073s] [ 38%] [32mBuilding C object CMakeFiles/turtlebot3_msgs__rosidl_typesupport_introspection_c.dir/rosidl_typesupport_introspection_c/turtlebot3_msgs/msg/detail/sensor_state__type_support.c.o[0m
[18.361s] [ 39%] [32mBuilding C object CMakeFiles/turtlebot3_msgs__rosidl_typesupport_introspection_c.dir/rosidl_typesupport_introspection_c/turtlebot3_msgs/msg/detail/sound__type_support.c.o[0m
[18.703s] [ 40%] [32mBuilding C object CMakeFiles/turtlebot3_msgs__rosidl_typesupport_introspection_c.dir/rosidl_typesupport_introspection_c/turtlebot3_msgs/msg/detail/version_info__type_support.c.o[0m
[18.984s] [35m[1mScanning dependencies of target turtlebot3_msgs__rosidl_typesupport_c[0m
[19.017s] [ 42%] [32mBuilding C object CMakeFiles/turtlebot3_msgs__rosidl_typesupport_introspection_c.dir/rosidl_typesupport_introspection_c/turtlebot3_msgs/srv/detail/sound__type_support.c.o[0m
[19.084s] [ 43%] [32mBuilding CXX object CMakeFiles/turtlebot3_msgs__rosidl_typesupport_c.dir/rosidl_typesupport_c/turtlebot3_msgs/msg/sensor_state__type_support.cpp.o[0m
[19.164s] [ 45%] [32mBuilding C object CMakeFiles/turtlebot3_msgs__rosidl_typesupport_introspection_c.dir/rosidl_typesupport_introspection_c/turtlebot3_msgs/srv/detail/dqn__type_support.c.o[0m
[19.228s] [ 46%] [32mBuilding C object CMakeFiles/turtlebot3_msgs__rosidl_typesupport_introspection_c.dir/rosidl_typesupport_introspection_c/turtlebot3_msgs/action/detail/patrol__type_support.c.o[0m
[19.248s] [ 47%] [32mBuilding CXX object CMakeFiles/turtlebot3_msgs__rosidl_typesupport_c.dir/rosidl_typesupport_c/turtlebot3_msgs/msg/sound__type_support.cpp.o[0m
[19.322s] [ 49%] [32m[1mLinking CXX shared library libturtlebot3_msgs__rosidl_typesupport_introspection_cpp.so[0m
[19.383s] [ 50%] [32mBuilding CXX object CMakeFiles/turtlebot3_msgs__rosidl_typesupport_c.dir/rosidl_typesupport_c/turtlebot3_msgs/msg/version_info__type_support.cpp.o[0m
[19.447s] [ 52%] [32m[1mLinking C shared library libturtlebot3_msgs__rosidl_typesupport_introspection_c.so[0m
[19.461s] [ 53%] [32mBuilding CXX object CMakeFiles/turtlebot3_msgs__rosidl_typesupport_c.dir/rosidl_typesupport_c/turtlebot3_msgs/srv/sound__type_support.cpp.o[0m
[19.499s] [ 54%] [32mBuilding CXX object CMakeFiles/turtlebot3_msgs__rosidl_typesupport_fastrtps_cpp.dir/rosidl_typesupport_fastrtps_cpp/turtlebot3_msgs/msg/detail/dds_fastrtps/sound__type_support.cpp.o[0m
[19.540s] [ 56%] [32mBuilding CXX object CMakeFiles/turtlebot3_msgs__rosidl_typesupport_cpp.dir/rosidl_typesupport_cpp/turtlebot3_msgs/action/patrol__type_support.cpp.o[0m
[19.634s] [ 57%] [32mBuilding CXX object CMakeFiles/turtlebot3_msgs__rosidl_typesupport_c.dir/rosidl_typesupport_c/turtlebot3_msgs/srv/dqn__type_support.cpp.o[0m
[19.672s] [ 59%] [32mBuilding CXX object CMakeFiles/turtlebot3_msgs__rosidl_typesupport_c.dir/rosidl_typesupport_c/turtlebot3_msgs/action/patrol__type_support.cpp.o[0m
[19.682s] [ 59%] Built target turtlebot3_msgs__rosidl_typesupport_introspection_cpp
[19.741s] [ 60%] [32mBuilding CXX object CMakeFiles/turtlebot3_msgs__rosidl_typesupport_fastrtps_cpp.dir/rosidl_typesupport_fastrtps_cpp/turtlebot3_msgs/msg/detail/dds_fastrtps/version_info__type_support.cpp.o[0m
[19.747s] [ 61%] [32mBuilding CXX object CMakeFiles/turtlebot3_msgs__rosidl_typesupport_fastrtps_cpp.dir/rosidl_typesupport_fastrtps_cpp/turtlebot3_msgs/srv/detail/dds_fastrtps/sound__type_support.cpp.o[0m
[19.758s] [ 61%] Built target turtlebot3_msgs__rosidl_typesupport_introspection_c
[19.808s] [ 63%] [32mBuilding CXX object CMakeFiles/turtlebot3_msgs__rosidl_typesupport_fastrtps_cpp.dir/rosidl_typesupport_fastrtps_cpp/turtlebot3_msgs/srv/detail/dds_fastrtps/dqn__type_support.cpp.o[0m
[19.870s] [ 64%] [32mBuilding CXX object CMakeFiles/turtlebot3_msgs__rosidl_typesupport_fastrtps_cpp.dir/rosidl_typesupport_fastrtps_cpp/turtlebot3_msgs/action/detail/dds_fastrtps/patrol__type_support.cpp.o[0m
[20.025s] [ 66%] [32m[1mLinking CXX shared library libturtlebot3_msgs__rosidl_typesupport_c.so[0m
[20.591s] [ 66%] Built target turtlebot3_msgs__rosidl_typesupport_c
[20.721s] [ 67%] [32m[1mLinking CXX shared library libturtlebot3_msgs__rosidl_typesupport_cpp.so[0m
[20.989s] [ 67%] Built target turtlebot3_msgs__rosidl_typesupport_cpp
[22.939s] [ 69%] [32m[1mLinking CXX shared library libturtlebot3_msgs__rosidl_typesupport_fastrtps_cpp.so[0m
[23.258s] [ 69%] Built target turtlebot3_msgs__rosidl_typesupport_fastrtps_cpp
[23.284s] [ 70%] [34m[1mGenerating C type support for eProsima Fast-RTPS[0m
[26.555s] [35m[1mScanning dependencies of target turtlebot3_msgs__rosidl_typesupport_fastrtps_c[0m
[26.655s] [ 71%] [32mBuilding CXX object CMakeFiles/turtlebot3_msgs__rosidl_typesupport_fastrtps_c.dir/rosidl_typesupport_fastrtps_c/turtlebot3_msgs/msg/detail/sound__type_support_c.cpp.o[0m
[26.684s] [ 73%] [32mBuilding CXX object CMakeFiles/turtlebot3_msgs__rosidl_typesupport_fastrtps_c.dir/rosidl_typesupport_fastrtps_c/turtlebot3_msgs/msg/detail/version_info__type_support_c.cpp.o[0m
[26.724s] [ 74%] [32mBuilding CXX object CMakeFiles/turtlebot3_msgs__rosidl_typesupport_fastrtps_c.dir/rosidl_typesupport_fastrtps_c/turtlebot3_msgs/msg/detail/sensor_state__type_support_c.cpp.o[0m
[26.748s] [ 76%] [32mBuilding CXX object CMakeFiles/turtlebot3_msgs__rosidl_typesupport_fastrtps_c.dir/rosidl_typesupport_fastrtps_c/turtlebot3_msgs/srv/detail/sound__type_support_c.cpp.o[0m
[26.802s] [ 77%] [32mBuilding CXX object CMakeFiles/turtlebot3_msgs__rosidl_typesupport_fastrtps_c.dir/rosidl_typesupport_fastrtps_c/turtlebot3_msgs/srv/detail/dqn__type_support_c.cpp.o[0m
[28.457s] [ 78%] [32mBuilding CXX object CMakeFiles/turtlebot3_msgs__rosidl_typesupport_fastrtps_c.dir/rosidl_typesupport_fastrtps_c/turtlebot3_msgs/action/detail/patrol__type_support_c.cpp.o[0m
[29.804s] [ 80%] [32m[1mLinking CXX shared library libturtlebot3_msgs__rosidl_typesupport_fastrtps_c.so[0m
[30.098s] [ 80%] Built target turtlebot3_msgs__rosidl_typesupport_fastrtps_c
[30.129s] [35m[1mScanning dependencies of target turtlebot3_msgs[0m
[30.168s] [ 80%] Built target turtlebot3_msgs
[30.231s] [35m[1mScanning dependencies of target turtlebot3_msgs__py[0m
[30.282s] [ 81%] [34m[1mGenerating Python code for ROS interfaces[0m
[37.098s] [ 81%] Built target turtlebot3_msgs__py
[37.131s] [35m[1mScanning dependencies of target turtlebot3_msgs__python[0m
[37.241s] [ 83%] [32mBuilding C object CMakeFiles/turtlebot3_msgs__python.dir/rosidl_generator_py/turtlebot3_msgs/msg/_version_info_s.c.o[0m
[37.243s] [ 84%] [32mBuilding C object CMakeFiles/turtlebot3_msgs__python.dir/rosidl_generator_py/turtlebot3_msgs/msg/_sensor_state_s.c.o[0m
[37.267s] [ 85%] [32mBuilding C object CMakeFiles/turtlebot3_msgs__python.dir/rosidl_generator_py/turtlebot3_msgs/msg/_sound_s.c.o[0m
[37.279s] [ 87%] [32mBuilding C object CMakeFiles/turtlebot3_msgs__python.dir/rosidl_generator_py/turtlebot3_msgs/srv/_sound_s.c.o[0m
[37.635s] [ 88%] [32mBuilding C object CMakeFiles/turtlebot3_msgs__python.dir/rosidl_generator_py/turtlebot3_msgs/action/_patrol_s.c.o[0m
[37.722s] [ 90%] [32mBuilding C object CMakeFiles/turtlebot3_msgs__python.dir/rosidl_generator_py/turtlebot3_msgs/srv/_dqn_s.c.o[0m
[38.118s] [ 91%] [32m[1mLinking C shared library rosidl_generator_py/turtlebot3_msgs/libturtlebot3_msgs__python.so[0m
[38.270s] [ 91%] Built target turtlebot3_msgs__python
[38.305s] [35m[1mScanning dependencies of target turtlebot3_msgs__rosidl_typesupport_introspection_c__pyext[0m
[38.305s] [35m[1mScanning dependencies of target turtlebot3_msgs__rosidl_typesupport_fastrtps_c__pyext[0m
[38.324s] [35m[1mScanning dependencies of target turtlebot3_msgs__rosidl_typesupport_c__pyext[0m
[38.373s] [ 92%] [32mBuilding C object CMakeFiles/turtlebot3_msgs__rosidl_typesupport_introspection_c__pyext.dir/rosidl_generator_py/turtlebot3_msgs/_turtlebot3_msgs_s.ep.rosidl_typesupport_introspection_c.c.o[0m
[38.408s] [ 94%] [32mBuilding C object CMakeFiles/turtlebot3_msgs__rosidl_typesupport_fastrtps_c__pyext.dir/rosidl_generator_py/turtlebot3_msgs/_turtlebot3_msgs_s.ep.rosidl_typesupport_fastrtps_c.c.o[0m
[38.432s] [ 95%] [32mBuilding C object CMakeFiles/turtlebot3_msgs__rosidl_typesupport_c__pyext.dir/rosidl_generator_py/turtlebot3_msgs/_turtlebot3_msgs_s.ep.rosidl_typesupport_c.c.o[0m
[38.885s] [ 97%] [32m[1mLinking CXX shared library rosidl_generator_py/turtlebot3_msgs/turtlebot3_msgs_s__rosidl_typesupport_fastrtps_c.cpython-38-x86_64-linux-gnu.so[0m
[38.999s] [ 98%] [32m[1mLinking C shared library rosidl_generator_py/turtlebot3_msgs/turtlebot3_msgs_s__rosidl_typesupport_introspection_c.cpython-38-x86_64-linux-gnu.so[0m
[39.174s] [ 98%] Built target turtlebot3_msgs__rosidl_typesupport_fastrtps_c__pyext
[39.194s] [ 98%] Built target turtlebot3_msgs__rosidl_typesupport_introspection_c__pyext
[39.222s] [100%] [32m[1mLinking C shared library rosidl_generator_py/turtlebot3_msgs/turtlebot3_msgs_s__rosidl_typesupport_c.cpython-38-x86_64-linux-gnu.so[0m
[39.386s] [100%] Built target turtlebot3_msgs__rosidl_typesupport_c__pyext
[39.429s] Invoked command in '/opt/persistent_ws/build/turtlebot3_msgs' returned '0': CMAKE_PREFIX_PATH=/opt/ros/foxy /usr/bin/cmake --build /opt/persistent_ws/build/turtlebot3_msgs -- -j8 -l8
[39.924s] Invoking command in '/opt/persistent_ws/build/turtlebot3_msgs': CMAKE_PREFIX_PATH=/opt/ros/foxy /usr/bin/cmake --install /opt/persistent_ws/build/turtlebot3_msgs
[39.970s] -- Install configuration: ""
[39.971s] -- Installing: /opt/persistent_ws/install/turtlebot3_msgs/share/ament_index/resource_index/rosidl_interfaces/turtlebot3_msgs
[39.971s] -- Installing: /opt/persistent_ws/install/turtlebot3_msgs/include/turtlebot3_msgs
[39.972s] -- Installing: /opt/persistent_ws/install/turtlebot3_msgs/include/turtlebot3_msgs/action
[39.972s] -- Installing: /opt/persistent_ws/install/turtlebot3_msgs/include/turtlebot3_msgs/action/detail
[39.973s] -- Installing: /opt/persistent_ws/install/turtlebot3_msgs/include/turtlebot3_msgs/action/detail/patrol__functions.h
[39.973s] -- Installing: /opt/persistent_ws/install/turtlebot3_msgs/include/turtlebot3_msgs/action/detail/patrol__type_support.h
[39.973s] -- Installing: /opt/persistent_ws/install/turtlebot3_msgs/include/turtlebot3_msgs/action/detail/patrol__struct.h
[39.974s] -- Installing: /opt/persistent_ws/install/turtlebot3_msgs/include/turtlebot3_msgs/action/detail/patrol__functions.c
[39.974s] -- Installing: /opt/persistent_ws/install/turtlebot3_msgs/include/turtlebot3_msgs/action/patrol.h
[39.974s] -- Installing: /opt/persistent_ws/install/turtlebot3_msgs/include/turtlebot3_msgs/msg
[39.975s] -- Installing: /opt/persistent_ws/install/turtlebot3_msgs/include/turtlebot3_msgs/msg/sensor_state.h
[39.975s] -- Installing: /opt/persistent_ws/install/turtlebot3_msgs/include/turtlebot3_msgs/msg/version_info.h
[39.975s] -- Installing: /opt/persistent_ws/install/turtlebot3_msgs/include/turtlebot3_msgs/msg/detail
[39.976s] -- Installing: /opt/persistent_ws/install/turtlebot3_msgs/include/turtlebot3_msgs/msg/detail/version_info__functions.c
[39.976s] -- Installing: /opt/persistent_ws/install/turtlebot3_msgs/include/turtlebot3_msgs/msg/detail/sensor_state__type_support.h
[39.977s] -- Installing: /opt/persistent_ws/install/turtlebot3_msgs/include/turtlebot3_msgs/msg/detail/sound__functions.h
[39.977s] -- Installing: /opt/persistent_ws/install/turtlebot3_msgs/include/turtlebot3_msgs/msg/detail/version_info__type_support.h
[39.979s] -- Installing: /opt/persistent_ws/install/turtlebot3_msgs/include/turtlebot3_msgs/msg/detail/sensor_state__functions.h
[39.980s] -- Installing: /opt/persistent_ws/install/turtlebot3_msgs/include/turtlebot3_msgs/msg/detail/sound__struct.h
[39.980s] -- Installing: /opt/persistent_ws/install/turtlebot3_msgs/include/turtlebot3_msgs/msg/detail/sensor_state__functions.c
[39.981s] -- Installing: /opt/persistent_ws/install/turtlebot3_msgs/include/turtlebot3_msgs/msg/detail/version_info__functions.h
[39.982s] -- Installing: /opt/persistent_ws/install/turtlebot3_msgs/include/turtlebot3_msgs/msg/detail/version_info__struct.h
[39.983s] -- Installing: /opt/persistent_ws/install/turtlebot3_msgs/include/turtlebot3_msgs/msg/detail/sensor_state__struct.h
[39.985s] -- Installing: /opt/persistent_ws/install/turtlebot3_msgs/include/turtlebot3_msgs/msg/detail/sound__type_support.h
[39.986s] -- Installing: /opt/persistent_ws/install/turtlebot3_msgs/include/turtlebot3_msgs/msg/detail/sound__functions.c
[39.988s] -- Installing: /opt/persistent_ws/install/turtlebot3_msgs/include/turtlebot3_msgs/msg/rosidl_generator_c__visibility_control.h
[39.988s] -- Installing: /opt/persistent_ws/install/turtlebot3_msgs/include/turtlebot3_msgs/msg/sound.h
[39.989s] -- Installing: /opt/persistent_ws/install/turtlebot3_msgs/include/turtlebot3_msgs/srv
[39.990s] -- Installing: /opt/persistent_ws/install/turtlebot3_msgs/include/turtlebot3_msgs/srv/dqn.h
[39.992s] -- Installing: /opt/persistent_ws/install/turtlebot3_msgs/include/turtlebot3_msgs/srv/detail
[39.992s] -- Installing: /opt/persistent_ws/install/turtlebot3_msgs/include/turtlebot3_msgs/srv/detail/sound__functions.h
[39.995s] -- Installing: /opt/persistent_ws/install/turtlebot3_msgs/include/turtlebot3_msgs/srv/detail/dqn__functions.h
[39.997s] -- Installing: /opt/persistent_ws/install/turtlebot3_msgs/include/turtlebot3_msgs/srv/detail/dqn__functions.c
[39.997s] -- Installing: /opt/persistent_ws/install/turtlebot3_msgs/include/turtlebot3_msgs/srv/detail/sound__struct.h
[39.998s] -- Installing: /opt/persistent_ws/install/turtlebot3_msgs/include/turtlebot3_msgs/srv/detail/dqn__type_support.h
[39.999s] -- Installing: /opt/persistent_ws/install/turtlebot3_msgs/include/turtlebot3_msgs/srv/detail/sound__type_support.h
[39.999s] -- Installing: /opt/persistent_ws/install/turtlebot3_msgs/include/turtlebot3_msgs/srv/detail/sound__functions.c
[40.000s] -- Installing: /opt/persistent_ws/install/turtlebot3_msgs/include/turtlebot3_msgs/srv/detail/dqn__struct.h
[40.000s] -- Installing: /opt/persistent_ws/install/turtlebot3_msgs/include/turtlebot3_msgs/srv/sound.h
[40.001s] -- Installing: /opt/persistent_ws/install/turtlebot3_msgs/share/turtlebot3_msgs/environment/library_path.sh
[40.002s] -- Installing: /opt/persistent_ws/install/turtlebot3_msgs/share/turtlebot3_msgs/environment/library_path.dsv
[40.005s] -- Installing: /opt/persistent_ws/install/turtlebot3_msgs/lib/libturtlebot3_msgs__rosidl_generator_c.so
[40.009s] -- Set runtime path of "/opt/persistent_ws/install/turtlebot3_msgs/lib/libturtlebot3_msgs__rosidl_generator_c.so" to ""
[40.010s] -- Up-to-date: /opt/persistent_ws/install/turtlebot3_msgs/include/turtlebot3_msgs
[40.010s] -- Up-to-date: /opt/persistent_ws/install/turtlebot3_msgs/include/turtlebot3_msgs/action
[40.010s] -- Up-to-date: /opt/persistent_ws/install/turtlebot3_msgs/include/turtlebot3_msgs/action/detail
[40.011s] -- Installing: /opt/persistent_ws/install/turtlebot3_msgs/include/turtlebot3_msgs/action/detail/patrol__rosidl_typesupport_fastrtps_c.h
[40.011s] -- Up-to-date: /opt/persistent_ws/install/turtlebot3_msgs/include/turtlebot3_msgs/msg
[40.013s] -- Up-to-date: /opt/persistent_ws/install/turtlebot3_msgs/include/turtlebot3_msgs/msg/detail
[40.013s] -- Installing: /opt/persistent_ws/install/turtlebot3_msgs/include/turtlebot3_msgs/msg/detail/sound__rosidl_typesupport_fastrtps_c.h
[40.013s] -- Installing: /opt/persistent_ws/install/turtlebot3_msgs/include/turtlebot3_msgs/msg/detail/version_info__rosidl_typesupport_fastrtps_c.h
[40.014s] -- Installing: /opt/persistent_ws/install/turtlebot3_msgs/include/turtlebot3_msgs/msg/detail/sensor_state__rosidl_typesupport_fastrtps_c.h
[40.015s] -- Installing: /opt/persistent_ws/install/turtlebot3_msgs/include/turtlebot3_msgs/msg/rosidl_typesupport_fastrtps_c__visibility_control.h
[40.015s] -- Up-to-date: /opt/persistent_ws/install/turtlebot3_msgs/include/turtlebot3_msgs/srv
[40.016s] -- Up-to-date: /opt/persistent_ws/install/turtlebot3_msgs/include/turtlebot3_msgs/srv/detail
[40.016s] -- Installing: /opt/persistent_ws/install/turtlebot3_msgs/include/turtlebot3_msgs/srv/detail/sound__rosidl_typesupport_fastrtps_c.h
[40.017s] -- Installing: /opt/persistent_ws/install/turtlebot3_msgs/include/turtlebot3_msgs/srv/detail/dqn__rosidl_typesupport_fastrtps_c.h
[40.018s] -- Installing: /opt/persistent_ws/install/turtlebot3_msgs/lib/libturtlebot3_msgs__rosidl_typesupport_fastrtps_c.so
[40.022s] -- Set runtime path of "/opt/persistent_ws/install/turtlebot3_msgs/lib/libturtlebot3_msgs__rosidl_typesupport_fastrtps_c.so" to ""
[40.023s] -- Up-to-date: /opt/persistent_ws/install/turtlebot3_msgs/include/turtlebot3_msgs
[40.024s] -- Up-to-date: /opt/persistent_ws/install/turtlebot3_msgs/include/turtlebot3_msgs/action
[40.025s] -- Up-to-date: /opt/persistent_ws/install/turtlebot3_msgs/include/turtlebot3_msgs/action/detail
[40.025s] -- Installing: /opt/persistent_ws/install/turtlebot3_msgs/include/turtlebot3_msgs/action/detail/patrol__rosidl_typesupport_fastrtps_cpp.hpp
[40.026s] -- Installing: /opt/persistent_ws/install/turtlebot3_msgs/include/turtlebot3_msgs/action/detail/dds_fastrtps
[40.026s] -- Up-to-date: /opt/persistent_ws/install/turtlebot3_msgs/include/turtlebot3_msgs/msg
[40.026s] -- Up-to-date: /opt/persistent_ws/install/turtlebot3_msgs/include/turtlebot3_msgs/msg/detail
[40.028s] -- Installing: /opt/persistent_ws/install/turtlebot3_msgs/include/turtlebot3_msgs/msg/detail/dds_fastrtps
[40.029s] -- Installing: /opt/persistent_ws/install/turtlebot3_msgs/include/turtlebot3_msgs/msg/detail/version_info__rosidl_typesupport_fastrtps_cpp.hpp
[40.030s] -- Installing: /opt/persistent_ws/install/turtlebot3_msgs/include/turtlebot3_msgs/msg/detail/sound__rosidl_typesupport_fastrtps_cpp.hpp
[40.031s] -- Installing: /opt/persistent_ws/install/turtlebot3_msgs/include/turtlebot3_msgs/msg/detail/sensor_state__rosidl_typesupport_fastrtps_cpp.hpp
[40.032s] -- Installing: /opt/persistent_ws/install/turtlebot3_msgs/include/turtlebot3_msgs/msg/rosidl_typesupport_fastrtps_cpp__visibility_control.h
[40.036s] -- Up-to-date: /opt/persistent_ws/install/turtlebot3_msgs/include/turtlebot3_msgs/srv
[40.044s] -- Up-to-date: /opt/persistent_ws/install/turtlebot3_msgs/include/turtlebot3_msgs/srv/detail
[40.044s] -- Installing: /opt/persistent_ws/install/turtlebot3_msgs/include/turtlebot3_msgs/srv/detail/dds_fastrtps
[40.046s] -- Installing: /opt/persistent_ws/install/turtlebot3_msgs/include/turtlebot3_msgs/srv/detail/dqn__rosidl_typesupport_fastrtps_cpp.hpp
[40.051s] -- Installing: /opt/persistent_ws/install/turtlebot3_msgs/include/turtlebot3_msgs/srv/detail/sound__rosidl_typesupport_fastrtps_cpp.hpp
[40.058s] -- Installing: /opt/persistent_ws/install/turtlebot3_msgs/lib/libturtlebot3_msgs__rosidl_typesupport_fastrtps_cpp.so
[40.058s] -- Set runtime path of "/opt/persistent_ws/install/turtlebot3_msgs/lib/libturtlebot3_msgs__rosidl_typesupport_fastrtps_cpp.so" to ""
[40.059s] -- Up-to-date: /opt/persistent_ws/install/turtlebot3_msgs/include/turtlebot3_msgs
[40.059s] -- Up-to-date: /opt/persistent_ws/install/turtlebot3_msgs/include/turtlebot3_msgs/action
[40.060s] -- Up-to-date: /opt/persistent_ws/install/turtlebot3_msgs/include/turtlebot3_msgs/action/detail
[40.060s] -- Installing: /opt/persistent_ws/install/turtlebot3_msgs/include/turtlebot3_msgs/action/detail/patrol__type_support.c
[40.060s] -- Installing: /opt/persistent_ws/install/turtlebot3_msgs/include/turtlebot3_msgs/action/detail/patrol__rosidl_typesupport_introspection_c.h
[40.061s] -- Up-to-date: /opt/persistent_ws/install/turtlebot3_msgs/include/turtlebot3_msgs/msg
[40.061s] -- Up-to-date: /opt/persistent_ws/install/turtlebot3_msgs/include/turtlebot3_msgs/msg/detail
[40.062s] -- Installing: /opt/persistent_ws/install/turtlebot3_msgs/include/turtlebot3_msgs/msg/detail/sensor_state__rosidl_typesupport_introspection_c.h
[40.062s] -- Installing: /opt/persistent_ws/install/turtlebot3_msgs/include/turtlebot3_msgs/msg/detail/sound__type_support.c
[40.063s] -- Installing: /opt/persistent_ws/install/turtlebot3_msgs/include/turtlebot3_msgs/msg/detail/version_info__rosidl_typesupport_introspection_c.h
[40.065s] -- Installing: /opt/persistent_ws/install/turtlebot3_msgs/include/turtlebot3_msgs/msg/detail/sound__rosidl_typesupport_introspection_c.h
[40.066s] -- Installing: /opt/persistent_ws/install/turtlebot3_msgs/include/turtlebot3_msgs/msg/detail/sensor_state__type_support.c
[40.066s] -- Installing: /opt/persistent_ws/install/turtlebot3_msgs/include/turtlebot3_msgs/msg/detail/version_info__type_support.c
[40.066s] -- Installing: /opt/persistent_ws/install/turtlebot3_msgs/include/turtlebot3_msgs/msg/rosidl_typesupport_introspection_c__visibility_control.h
[40.066s] -- Up-to-date: /opt/persistent_ws/install/turtlebot3_msgs/include/turtlebot3_msgs/srv
[40.067s] -- Up-to-date: /opt/persistent_ws/install/turtlebot3_msgs/include/turtlebot3_msgs/srv/detail
[40.067s] -- Installing: /opt/persistent_ws/install/turtlebot3_msgs/include/turtlebot3_msgs/srv/detail/dqn__type_support.c
[40.067s] -- Installing: /opt/persistent_ws/install/turtlebot3_msgs/include/turtlebot3_msgs/srv/detail/sound__type_support.c
[40.071s] -- Installing: /opt/persistent_ws/install/turtlebot3_msgs/include/turtlebot3_msgs/srv/detail/sound__rosidl_typesupport_introspection_c.h
[40.072s] -- Installing: /opt/persistent_ws/install/turtlebot3_msgs/include/turtlebot3_msgs/srv/detail/dqn__rosidl_typesupport_introspection_c.h
[40.072s] -- Installing: /opt/persistent_ws/install/turtlebot3_msgs/lib/libturtlebot3_msgs__rosidl_typesupport_introspection_c.so
[40.072s] -- Set runtime path of "/opt/persistent_ws/install/turtlebot3_msgs/lib/libturtlebot3_msgs__rosidl_typesupport_introspection_c.so" to ""
[40.073s] -- Installing: /opt/persistent_ws/install/turtlebot3_msgs/lib/libturtlebot3_msgs__rosidl_typesupport_c.so
[40.073s] -- Set runtime path of "/opt/persistent_ws/install/turtlebot3_msgs/lib/libturtlebot3_msgs__rosidl_typesupport_c.so" to ""
[40.073s] -- Up-to-date: /opt/persistent_ws/install/turtlebot3_msgs/include/turtlebot3_msgs
[40.073s] -- Up-to-date: /opt/persistent_ws/install/turtlebot3_msgs/include/turtlebot3_msgs/action
[40.073s] -- Up-to-date: /opt/persistent_ws/install/turtlebot3_msgs/include/turtlebot3_msgs/action/detail
[40.074s] -- Installing: /opt/persistent_ws/install/turtlebot3_msgs/include/turtlebot3_msgs/action/detail/patrol__builder.hpp
[40.074s] -- Installing: /opt/persistent_ws/install/turtlebot3_msgs/include/turtlebot3_msgs/action/detail/patrol__struct.hpp
[40.074s] -- Installing: /opt/persistent_ws/install/turtlebot3_msgs/include/turtlebot3_msgs/action/detail/patrol__traits.hpp
[40.074s] -- Installing: /opt/persistent_ws/install/turtlebot3_msgs/include/turtlebot3_msgs/action/patrol.hpp
[40.075s] -- Up-to-date: /opt/persistent_ws/install/turtlebot3_msgs/include/turtlebot3_msgs/msg
[40.075s] -- Up-to-date: /opt/persistent_ws/install/turtlebot3_msgs/include/turtlebot3_msgs/msg/detail
[40.075s] -- Installing: /opt/persistent_ws/install/turtlebot3_msgs/include/turtlebot3_msgs/msg/detail/sound__traits.hpp
[40.076s] -- Installing: /opt/persistent_ws/install/turtlebot3_msgs/include/turtlebot3_msgs/msg/detail/sensor_state__traits.hpp
[40.076s] -- Installing: /opt/persistent_ws/install/turtlebot3_msgs/include/turtlebot3_msgs/msg/detail/sound__builder.hpp
[40.076s] -- Installing: /opt/persistent_ws/install/turtlebot3_msgs/include/turtlebot3_msgs/msg/detail/version_info__struct.hpp
[40.076s] -- Installing: /opt/persistent_ws/install/turtlebot3_msgs/include/turtlebot3_msgs/msg/detail/sensor_state__builder.hpp
[40.077s] -- Installing: /opt/persistent_ws/install/turtlebot3_msgs/include/turtlebot3_msgs/msg/detail/sensor_state__struct.hpp
[40.078s] -- Installing: /opt/persistent_ws/install/turtlebot3_msgs/include/turtlebot3_msgs/msg/detail/sound__struct.hpp
[40.078s] -- Installing: /opt/persistent_ws/install/turtlebot3_msgs/include/turtlebot3_msgs/msg/detail/version_info__builder.hpp
[40.079s] -- Installing: /opt/persistent_ws/install/turtlebot3_msgs/include/turtlebot3_msgs/msg/detail/version_info__traits.hpp
[40.079s] -- Installing: /opt/persistent_ws/install/turtlebot3_msgs/include/turtlebot3_msgs/msg/version_info.hpp
[40.079s] -- Installing: /opt/persistent_ws/install/turtlebot3_msgs/include/turtlebot3_msgs/msg/sensor_state.hpp
[40.079s] -- Installing: /opt/persistent_ws/install/turtlebot3_msgs/include/turtlebot3_msgs/msg/sound.hpp
[40.080s] -- Up-to-date: /opt/persistent_ws/install/turtlebot3_msgs/include/turtlebot3_msgs/srv
[40.080s] -- Up-to-date: /opt/persistent_ws/install/turtlebot3_msgs/include/turtlebot3_msgs/srv/detail
[40.080s] -- Installing: /opt/persistent_ws/install/turtlebot3_msgs/include/turtlebot3_msgs/srv/detail/sound__traits.hpp
[40.081s] -- Installing: /opt/persistent_ws/install/turtlebot3_msgs/include/turtlebot3_msgs/srv/detail/sound__builder.hpp
[40.081s] -- Installing: /opt/persistent_ws/install/turtlebot3_msgs/include/turtlebot3_msgs/srv/detail/dqn__builder.hpp
[40.081s] -- Installing: /opt/persistent_ws/install/turtlebot3_msgs/include/turtlebot3_msgs/srv/detail/dqn__traits.hpp
[40.081s] -- Installing: /opt/persistent_ws/install/turtlebot3_msgs/include/turtlebot3_msgs/srv/detail/sound__struct.hpp
[40.082s] -- Installing: /opt/persistent_ws/install/turtlebot3_msgs/include/turtlebot3_msgs/srv/detail/dqn__struct.hpp
[40.082s] -- Installing: /opt/persistent_ws/install/turtlebot3_msgs/include/turtlebot3_msgs/srv/sound.hpp
[40.082s] -- Installing: /opt/persistent_ws/install/turtlebot3_msgs/include/turtlebot3_msgs/srv/dqn.hpp
[40.082s] -- Up-to-date: /opt/persistent_ws/install/turtlebot3_msgs/include/turtlebot3_msgs
[40.083s] -- Up-to-date: /opt/persistent_ws/install/turtlebot3_msgs/include/turtlebot3_msgs/action
[40.083s] -- Up-to-date: /opt/persistent_ws/install/turtlebot3_msgs/include/turtlebot3_msgs/action/detail
[40.083s] -- Installing: /opt/persistent_ws/install/turtlebot3_msgs/include/turtlebot3_msgs/action/detail/patrol__type_support.cpp
[40.084s] -- Installing: /opt/persistent_ws/install/turtlebot3_msgs/include/turtlebot3_msgs/action/detail/patrol__rosidl_typesupport_introspection_cpp.hpp
[40.084s] -- Up-to-date: /opt/persistent_ws/install/turtlebot3_msgs/include/turtlebot3_msgs/msg
[40.084s] -- Up-to-date: /opt/persistent_ws/install/turtlebot3_msgs/include/turtlebot3_msgs/msg/detail
[40.084s] -- Installing: /opt/persistent_ws/install/turtlebot3_msgs/include/turtlebot3_msgs/msg/detail/sensor_state__rosidl_typesupport_introspection_cpp.hpp
[40.085s] -- Installing: /opt/persistent_ws/install/turtlebot3_msgs/include/turtlebot3_msgs/msg/detail/sound__rosidl_typesupport_introspection_cpp.hpp
[40.085s] -- Installing: /opt/persistent_ws/install/turtlebot3_msgs/include/turtlebot3_msgs/msg/detail/sensor_state__type_support.cpp
[40.085s] -- Installing: /opt/persistent_ws/install/turtlebot3_msgs/include/turtlebot3_msgs/msg/detail/version_info__rosidl_typesupport_introspection_cpp.hpp
[40.086s] -- Installing: /opt/persistent_ws/install/turtlebot3_msgs/include/turtlebot3_msgs/msg/detail/sound__type_support.cpp
[40.086s] -- Installing: /opt/persistent_ws/install/turtlebot3_msgs/include/turtlebot3_msgs/msg/detail/version_info__type_support.cpp
[40.086s] -- Up-to-date: /opt/persistent_ws/install/turtlebot3_msgs/include/turtlebot3_msgs/srv
[40.087s] -- Up-to-date: /opt/persistent_ws/install/turtlebot3_msgs/include/turtlebot3_msgs/srv/detail
[40.087s] -- Installing: /opt/persistent_ws/install/turtlebot3_msgs/include/turtlebot3_msgs/srv/detail/dqn__type_support.cpp
[40.087s] -- Installing: /opt/persistent_ws/install/turtlebot3_msgs/include/turtlebot3_msgs/srv/detail/dqn__rosidl_typesupport_introspection_cpp.hpp
[40.087s] -- Installing: /opt/persistent_ws/install/turtlebot3_msgs/include/turtlebot3_msgs/srv/detail/sound__rosidl_typesupport_introspection_cpp.hpp
[40.088s] -- Installing: /opt/persistent_ws/install/turtlebot3_msgs/include/turtlebot3_msgs/srv/detail/sound__type_support.cpp
[40.088s] -- Installing: /opt/persistent_ws/install/turtlebot3_msgs/lib/libturtlebot3_msgs__rosidl_typesupport_introspection_cpp.so
[40.088s] -- Set runtime path of "/opt/persistent_ws/install/turtlebot3_msgs/lib/libturtlebot3_msgs__rosidl_typesupport_introspection_cpp.so" to ""
[40.088s] -- Installing: /opt/persistent_ws/install/turtlebot3_msgs/lib/libturtlebot3_msgs__rosidl_typesupport_cpp.so
[40.089s] -- Set runtime path of "/opt/persistent_ws/install/turtlebot3_msgs/lib/libturtlebot3_msgs__rosidl_typesupport_cpp.so" to ""
[40.089s] -- Installing: /opt/persistent_ws/install/turtlebot3_msgs/share/turtlebot3_msgs/environment/pythonpath.sh
[40.089s] -- Installing: /opt/persistent_ws/install/turtlebot3_msgs/share/turtlebot3_msgs/environment/pythonpath.dsv
[40.090s] -- Installing: /opt/persistent_ws/install/turtlebot3_msgs/lib/python3.8/site-packages/turtlebot3_msgs/__init__.py
[40.189s] Compiling '/opt/persistent_ws/install/turtlebot3_msgs/lib/python3.8/site-packages/turtlebot3_msgs/__init__.py'...
[40.203s] -- Installing: /opt/persistent_ws/install/turtlebot3_msgs/lib/python3.8/site-packages/turtlebot3_msgs/msg
[40.204s] -- Installing: /opt/persistent_ws/install/turtlebot3_msgs/lib/python3.8/site-packages/turtlebot3_msgs/msg/_sound.py
[40.204s] -- Installing: /opt/persistent_ws/install/turtlebot3_msgs/lib/python3.8/site-packages/turtlebot3_msgs/msg/_sound_s.c
[40.205s] -- Installing: /opt/persistent_ws/install/turtlebot3_msgs/lib/python3.8/site-packages/turtlebot3_msgs/msg/__init__.py
[40.205s] -- Installing: /opt/persistent_ws/install/turtlebot3_msgs/lib/python3.8/site-packages/turtlebot3_msgs/msg/_sensor_state_s.c
[40.206s] -- Installing: /opt/persistent_ws/install/turtlebot3_msgs/lib/python3.8/site-packages/turtlebot3_msgs/msg/_sensor_state.py
[40.206s] -- Installing: /opt/persistent_ws/install/turtlebot3_msgs/lib/python3.8/site-packages/turtlebot3_msgs/msg/_version_info.py
[40.208s] -- Installing: /opt/persistent_ws/install/turtlebot3_msgs/lib/python3.8/site-packages/turtlebot3_msgs/msg/_version_info_s.c
[40.209s] -- Installing: /opt/persistent_ws/install/turtlebot3_msgs/lib/python3.8/site-packages/turtlebot3_msgs/srv
[40.209s] -- Installing: /opt/persistent_ws/install/turtlebot3_msgs/lib/python3.8/site-packages/turtlebot3_msgs/srv/_sound.py
[40.209s] -- Installing: /opt/persistent_ws/install/turtlebot3_msgs/lib/python3.8/site-packages/turtlebot3_msgs/srv/_sound_s.c
[40.210s] -- Installing: /opt/persistent_ws/install/turtlebot3_msgs/lib/python3.8/site-packages/turtlebot3_msgs/srv/__init__.py
[40.210s] -- Installing: /opt/persistent_ws/install/turtlebot3_msgs/lib/python3.8/site-packages/turtlebot3_msgs/srv/_dqn.py
[40.211s] -- Installing: /opt/persistent_ws/install/turtlebot3_msgs/lib/python3.8/site-packages/turtlebot3_msgs/srv/_dqn_s.c
[40.211s] -- Installing: /opt/persistent_ws/install/turtlebot3_msgs/lib/python3.8/site-packages/turtlebot3_msgs/action
[40.213s] -- Installing: /opt/persistent_ws/install/turtlebot3_msgs/lib/python3.8/site-packages/turtlebot3_msgs/action/__init__.py
[40.213s] -- Installing: /opt/persistent_ws/install/turtlebot3_msgs/lib/python3.8/site-packages/turtlebot3_msgs/action/_patrol_s.c
[40.217s] -- Installing: /opt/persistent_ws/install/turtlebot3_msgs/lib/python3.8/site-packages/turtlebot3_msgs/action/_patrol.py
[40.222s] -- Installing: /opt/persistent_ws/install/turtlebot3_msgs/lib/python3.8/site-packages/turtlebot3_msgs/turtlebot3_msgs_s__rosidl_typesupport_fastrtps_c.cpython-38-x86_64-linux-gnu.so
[40.222s] -- Set runtime path of "/opt/persistent_ws/install/turtlebot3_msgs/lib/python3.8/site-packages/turtlebot3_msgs/turtlebot3_msgs_s__rosidl_typesupport_fastrtps_c.cpython-38-x86_64-linux-gnu.so" to ""
[40.225s] -- Installing: /opt/persistent_ws/install/turtlebot3_msgs/lib/python3.8/site-packages/turtlebot3_msgs/turtlebot3_msgs_s__rosidl_typesupport_introspection_c.cpython-38-x86_64-linux-gnu.so
[40.229s] -- Set runtime path of "/opt/persistent_ws/install/turtlebot3_msgs/lib/python3.8/site-packages/turtlebot3_msgs/turtlebot3_msgs_s__rosidl_typesupport_introspection_c.cpython-38-x86_64-linux-gnu.so" to ""
[40.229s] -- Installing: /opt/persistent_ws/install/turtlebot3_msgs/lib/python3.8/site-packages/turtlebot3_msgs/turtlebot3_msgs_s__rosidl_typesupport_c.cpython-38-x86_64-linux-gnu.so
[40.230s] -- Set runtime path of "/opt/persistent_ws/install/turtlebot3_msgs/lib/python3.8/site-packages/turtlebot3_msgs/turtlebot3_msgs_s__rosidl_typesupport_c.cpython-38-x86_64-linux-gnu.so" to ""
[40.230s] -- Installing: /opt/persistent_ws/install/turtlebot3_msgs/lib/libturtlebot3_msgs__python.so
[40.231s] -- Set runtime path of "/opt/persistent_ws/install/turtlebot3_msgs/lib/libturtlebot3_msgs__python.so" to ""
[40.231s] -- Installing: /opt/persistent_ws/install/turtlebot3_msgs/share/turtlebot3_msgs/msg/SensorState.idl
[40.231s] -- Installing: /opt/persistent_ws/install/turtlebot3_msgs/share/turtlebot3_msgs/msg/Sound.idl
[40.232s] -- Installing: /opt/persistent_ws/install/turtlebot3_msgs/share/turtlebot3_msgs/msg/VersionInfo.idl
[40.232s] -- Installing: /opt/persistent_ws/install/turtlebot3_msgs/share/turtlebot3_msgs/srv/Sound.idl
[40.232s] -- Installing: /opt/persistent_ws/install/turtlebot3_msgs/share/turtlebot3_msgs/srv/Dqn.idl
[40.233s] -- Installing: /opt/persistent_ws/install/turtlebot3_msgs/share/turtlebot3_msgs/action/Patrol.idl
[40.233s] -- Installing: /opt/persistent_ws/install/turtlebot3_msgs/share/turtlebot3_msgs/msg/SensorState.msg
[40.233s] -- Installing: /opt/persistent_ws/install/turtlebot3_msgs/share/turtlebot3_msgs/msg/Sound.msg
[40.233s] -- Installing: /opt/persistent_ws/install/turtlebot3_msgs/share/turtlebot3_msgs/msg/VersionInfo.msg
[40.241s] -- Installing: /opt/persistent_ws/install/turtlebot3_msgs/share/turtlebot3_msgs/srv/Sound.srv
[40.245s] -- Installing: /opt/persistent_ws/install/turtlebot3_msgs/share/turtlebot3_msgs/srv/Sound_Request.msg
[40.248s] -- Installing: /opt/persistent_ws/install/turtlebot3_msgs/share/turtlebot3_msgs/srv/Sound_Response.msg
[40.251s] -- Installing: /opt/persistent_ws/install/turtlebot3_msgs/share/turtlebot3_msgs/srv/Dqn.srv
[40.252s] -- Installing: /opt/persistent_ws/install/turtlebot3_msgs/share/turtlebot3_msgs/srv/Dqn_Request.msg
[40.252s] -- Installing: /opt/persistent_ws/install/turtlebot3_msgs/share/turtlebot3_msgs/srv/Dqn_Response.msg
[40.253s] -- Installing: /opt/persistent_ws/install/turtlebot3_msgs/share/turtlebot3_msgs/action/Patrol.action
[40.255s] -- Installing: /opt/persistent_ws/install/turtlebot3_msgs/share/ament_index/resource_index/package_run_dependencies/turtlebot3_msgs
[40.256s] -- Installing: /opt/persistent_ws/install/turtlebot3_msgs/share/ament_index/resource_index/parent_prefix_path/turtlebot3_msgs
[40.256s] -- Installing: /opt/persistent_ws/install/turtlebot3_msgs/share/turtlebot3_msgs/environment/ament_prefix_path.sh
[40.257s] -- Installing: /opt/persistent_ws/install/turtlebot3_msgs/share/turtlebot3_msgs/environment/ament_prefix_path.dsv
[40.258s] -- Installing: /opt/persistent_ws/install/turtlebot3_msgs/share/turtlebot3_msgs/environment/path.sh
[40.258s] -- Installing: /opt/persistent_ws/install/turtlebot3_msgs/share/turtlebot3_msgs/environment/path.dsv
[40.259s] -- Installing: /opt/persistent_ws/install/turtlebot3_msgs/share/turtlebot3_msgs/local_setup.bash
[40.260s] -- Installing: /opt/persistent_ws/install/turtlebot3_msgs/share/turtlebot3_msgs/local_setup.sh
[40.261s] -- Installing: /opt/persistent_ws/install/turtlebot3_msgs/share/turtlebot3_msgs/local_setup.zsh
[40.261s] -- Installing: /opt/persistent_ws/install/turtlebot3_msgs/share/turtlebot3_msgs/local_setup.dsv
[40.264s] -- Installing: /opt/persistent_ws/install/turtlebot3_msgs/share/turtlebot3_msgs/package.dsv
[40.265s] -- Installing: /opt/persistent_ws/install/turtlebot3_msgs/share/ament_index/resource_index/packages/turtlebot3_msgs
[40.266s] -- Installing: /opt/persistent_ws/install/turtlebot3_msgs/share/turtlebot3_msgs/cmake/turtlebot3_msgs__rosidl_generator_cExport.cmake
[40.280s] -- Installing: /opt/persistent_ws/install/turtlebot3_msgs/share/turtlebot3_msgs/cmake/turtlebot3_msgs__rosidl_generator_cExport-noconfig.cmake
[40.280s] -- Installing: /opt/persistent_ws/install/turtlebot3_msgs/share/turtlebot3_msgs/cmake/turtlebot3_msgs__rosidl_typesupport_introspection_cExport.cmake
[40.281s] -- Installing: /opt/persistent_ws/install/turtlebot3_msgs/share/turtlebot3_msgs/cmake/turtlebot3_msgs__rosidl_typesupport_introspection_cExport-noconfig.cmake
[40.281s] -- Installing: /opt/persistent_ws/install/turtlebot3_msgs/share/turtlebot3_msgs/cmake/turtlebot3_msgs__rosidl_typesupport_cExport.cmake
[40.281s] -- Installing: /opt/persistent_ws/install/turtlebot3_msgs/share/turtlebot3_msgs/cmake/turtlebot3_msgs__rosidl_typesupport_cExport-noconfig.cmake
[40.282s] -- Installing: /opt/persistent_ws/install/turtlebot3_msgs/share/turtlebot3_msgs/cmake/turtlebot3_msgs__rosidl_generator_cppExport.cmake
[40.282s] -- Installing: /opt/persistent_ws/install/turtlebot3_msgs/share/turtlebot3_msgs/cmake/turtlebot3_msgs__rosidl_typesupport_introspection_cppExport.cmake
[40.282s] -- Installing: /opt/persistent_ws/install/turtlebot3_msgs/share/turtlebot3_msgs/cmake/turtlebot3_msgs__rosidl_typesupport_introspection_cppExport-noconfig.cmake
[40.283s] -- Installing: /opt/persistent_ws/install/turtlebot3_msgs/share/turtlebot3_msgs/cmake/turtlebot3_msgs__rosidl_typesupport_cppExport.cmake
[40.283s] -- Installing: /opt/persistent_ws/install/turtlebot3_msgs/share/turtlebot3_msgs/cmake/turtlebot3_msgs__rosidl_typesupport_cppExport-noconfig.cmake
[40.284s] -- Installing: /opt/persistent_ws/install/turtlebot3_msgs/share/turtlebot3_msgs/cmake/rosidl_cmake-extras.cmake
[40.284s] -- Installing: /opt/persistent_ws/install/turtlebot3_msgs/share/turtlebot3_msgs/cmake/ament_cmake_export_dependencies-extras.cmake
[40.288s] -- Installing: /opt/persistent_ws/install/turtlebot3_msgs/share/turtlebot3_msgs/cmake/ament_cmake_export_libraries-extras.cmake
[40.288s] -- Installing: /opt/persistent_ws/install/turtlebot3_msgs/share/turtlebot3_msgs/cmake/ament_cmake_export_targets-extras.cmake
[40.288s] -- Installing: /opt/persistent_ws/install/turtlebot3_msgs/share/turtlebot3_msgs/cmake/ament_cmake_export_include_directories-extras.cmake
[40.289s] -- Installing: /opt/persistent_ws/install/turtlebot3_msgs/share/turtlebot3_msgs/cmake/rosidl_cmake_export_typesupport_libraries-extras.cmake
[40.289s] -- Installing: /opt/persistent_ws/install/turtlebot3_msgs/share/turtlebot3_msgs/cmake/rosidl_cmake_export_typesupport_targets-extras.cmake
[40.289s] -- Installing: /opt/persistent_ws/install/turtlebot3_msgs/share/turtlebot3_msgs/cmake/turtlebot3_msgsConfig.cmake
[40.290s] -- Installing: /opt/persistent_ws/install/turtlebot3_msgs/share/turtlebot3_msgs/cmake/turtlebot3_msgsConfig-version.cmake
[40.290s] -- Installing: /opt/persistent_ws/install/turtlebot3_msgs/share/turtlebot3_msgs/package.xml
[40.291s] Invoked command in '/opt/persistent_ws/build/turtlebot3_msgs' returned '0': CMAKE_PREFIX_PATH=/opt/ros/foxy /usr/bin/cmake --install /opt/persistent_ws/build/turtlebot3_msgs
